2020-02-01 14:54:15.775  INFO 26632 --- [main] ro.remro.Main                            : Starting Main on DESKTOP-6V2BCMF with PID 26632 (E:\Projects\udacity_java\other_studs\RemRoSpring-master\target\classes started by roby-l in E:\Projects\udacity_java\other_studs\RemRoSpring-master)
2020-02-01 14:54:15.781  INFO 26632 --- [main] ro.remro.Main                            : No active profile set, falling back to default profiles: default
2020-02-01 14:54:16.814  INFO 26632 --- [main] .s.d.r.c.RepositoryConfigurationDelegate : Bootstrapping Spring Data repositories in DEFAULT mode.
2020-02-01 14:54:16.912  INFO 26632 --- [main] .s.d.r.c.RepositoryConfigurationDelegate : Finished Spring Data repository scanning in 86ms. Found 4 repository interfaces.
2020-02-01 14:54:17.451  INFO 26632 --- [main] trationDelegate$BeanPostProcessorChecker : Bean 'org.springframework.transaction.annotation.ProxyTransactionManagementConfiguration' of type [org.springframework.transaction.annotation.ProxyTransactionManagementConfiguration] is not eligible for getting processed by all BeanPostProcessors (for example: not eligible for auto-proxying)
2020-02-01 14:54:18.109  INFO 26632 --- [main] o.s.b.w.embedded.tomcat.TomcatWebServer  : Tomcat initialized with port(s): 8081 (http)
2020-02-01 14:54:18.120  INFO 26632 --- [main] o.apache.catalina.core.StandardService   : Starting service [Tomcat]
2020-02-01 14:54:18.121  INFO 26632 --- [main] org.apache.catalina.core.StandardEngine  : Starting Servlet engine: [Apache Tomcat/9.0.27]
2020-02-01 14:54:18.284  INFO 26632 --- [main] o.a.c.c.C.[Tomcat].[localhost].[/]       : Initializing Spring embedded WebApplicationContext
2020-02-01 14:54:18.284  INFO 26632 --- [main] o.s.web.context.ContextLoader            : Root WebApplicationContext: initialization completed in 2430 ms
2020-02-01 14:54:18.393 ERROR 26632 --- [main] com.zaxxer.hikari.HikariConfig           : Failed to load driver class com.mysql.cj.jdbc.Driver from HikariConfig class classloader sun.misc.Launcher$AppClassLoader@18b4aac2
2020-02-01 14:54:18.394  WARN 26632 --- [main] ConfigServletWebServerApplicationContext : Exception encountered during context initialization - cancelling refresh attempt: org.springframework.beans.factory.UnsatisfiedDependencyException: Error creating bean with name 'org.springframework.boot.autoconfigure.orm.jpa.HibernateJpaConfiguration': Unsatisfied dependency expressed through constructor parameter 0; nested exception is org.springframework.beans.factory.BeanCreationException: Error creating bean with name 'dataSource' defined in class path resource [org/springframework/boot/autoconfigure/jdbc/DataSourceConfiguration$Hikari.class]: Bean instantiation via factory method failed; nested exception is org.springframework.beans.BeanInstantiationException: Failed to instantiate [com.zaxxer.hikari.HikariDataSource]: Factory method 'dataSource' threw exception; nested exception is org.springframework.boot.context.properties.bind.BindException: Failed to bind properties under '' to com.zaxxer.hikari.HikariDataSource
2020-02-01 14:54:18.398  INFO 26632 --- [main] o.apache.catalina.core.StandardService   : Stopping service [Tomcat]
2020-02-01 14:54:18.415  INFO 26632 --- [main] ConditionEvaluationReportLoggingListener : 

Error starting ApplicationContext. To display the conditions report re-run your application with 'debug' enabled.
2020-02-01 14:54:18.418 ERROR 26632 --- [main] o.s.b.d.LoggingFailureAnalysisReporter   : 

***************************
APPLICATION FAILED TO START
***************************

Description:

Failed to bind properties under '' to com.zaxxer.hikari.HikariDataSource:

    Property: driverclassname
    Value: com.mysql.cj.jdbc.Driver
    Origin: "driverClassName" from property source "source"
    Reason: Failed to load driver class com.mysql.cj.jdbc.Driver in either of HikariConfig class loader or Thread context classloader

Action:

Update your application's configuration

2020-02-01 14:55:37.057  INFO 22176 --- [main] ro.remro.Main                            : Starting Main on DESKTOP-6V2BCMF with PID 22176 (E:\Projects\udacity_java\other_studs\RemRoSpring-master\target\classes started by roby-l in E:\Projects\udacity_java\other_studs\RemRoSpring-master)
2020-02-01 14:55:37.068  INFO 22176 --- [main] ro.remro.Main                            : No active profile set, falling back to default profiles: default
2020-02-01 14:55:38.442  INFO 22176 --- [main] .s.d.r.c.RepositoryConfigurationDelegate : Bootstrapping Spring Data repositories in DEFAULT mode.
2020-02-01 14:55:38.549  INFO 22176 --- [main] .s.d.r.c.RepositoryConfigurationDelegate : Finished Spring Data repository scanning in 95ms. Found 4 repository interfaces.
2020-02-01 14:55:39.152  INFO 22176 --- [main] trationDelegate$BeanPostProcessorChecker : Bean 'org.springframework.transaction.annotation.ProxyTransactionManagementConfiguration' of type [org.springframework.transaction.annotation.ProxyTransactionManagementConfiguration] is not eligible for getting processed by all BeanPostProcessors (for example: not eligible for auto-proxying)
2020-02-01 14:55:39.786  INFO 22176 --- [main] o.s.b.w.embedded.tomcat.TomcatWebServer  : Tomcat initialized with port(s): 8081 (http)
2020-02-01 14:55:39.798  INFO 22176 --- [main] o.apache.catalina.core.StandardService   : Starting service [Tomcat]
2020-02-01 14:55:39.798  INFO 22176 --- [main] org.apache.catalina.core.StandardEngine  : Starting Servlet engine: [Apache Tomcat/9.0.27]
2020-02-01 14:55:39.921  INFO 22176 --- [main] o.a.c.c.C.[Tomcat].[localhost].[/]       : Initializing Spring embedded WebApplicationContext
2020-02-01 14:55:39.921  INFO 22176 --- [main] o.s.web.context.ContextLoader            : Root WebApplicationContext: initialization completed in 2755 ms
2020-02-01 14:55:40.251  INFO 22176 --- [main] o.hibernate.jpa.internal.util.LogHelper  : HHH000204: Processing PersistenceUnitInfo [name: default]
2020-02-01 14:55:40.353  INFO 22176 --- [main] org.hibernate.Version                    : HHH000412: Hibernate Core {5.4.8.Final}
2020-02-01 14:55:40.578  INFO 22176 --- [main] o.hibernate.annotations.common.Version   : HCANN000001: Hibernate Commons Annotations {5.1.0.Final}
2020-02-01 14:55:40.716  INFO 22176 --- [main] com.zaxxer.hikari.HikariDataSource       : HikariPool-1 - Starting...
2020-02-01 14:55:41.382  INFO 22176 --- [main] com.zaxxer.hikari.HikariDataSource       : HikariPool-1 - Start completed.
2020-02-01 14:55:41.407  INFO 22176 --- [main] org.hibernate.dialect.Dialect            : HHH000400: Using dialect: org.hibernate.dialect.MySQL5InnoDBDialect
2020-02-01 14:55:42.851  INFO 22176 --- [main] o.h.e.t.j.p.i.JtaPlatformInitiator       : HHH000490: Using JtaPlatform implementation: [org.hibernate.engine.transaction.jta.platform.internal.NoJtaPlatform]
2020-02-01 14:55:42.858  INFO 22176 --- [main] j.LocalContainerEntityManagerFactoryBean : Initialized JPA EntityManagerFactory for persistence unit 'default'
2020-02-01 14:55:42.933  WARN 22176 --- [main] JpaBaseConfiguration$JpaWebConfiguration : spring.jpa.open-in-view is enabled by default. Therefore, database queries may be performed during view rendering. Explicitly configure spring.jpa.open-in-view to disable this warning
2020-02-01 14:55:43.700  INFO 22176 --- [main] o.s.s.concurrent.ThreadPoolTaskExecutor  : Initializing ExecutorService 'applicationTaskExecutor'
2020-02-01 14:55:44.135  INFO 22176 --- [main] o.apache.catalina.core.StandardService   : Stopping service [Tomcat]
2020-02-01 14:55:44.145  INFO 22176 --- [main] ConditionEvaluationReportLoggingListener : 

Error starting ApplicationContext. To display the conditions report re-run your application with 'debug' enabled.
2020-02-01 14:55:44.147 ERROR 22176 --- [main] o.s.b.d.LoggingFailureAnalysisReporter   : 

***************************
APPLICATION FAILED TO START
***************************

Description:

Web server failed to start. Port 8081 was already in use.

Action:

Identify and stop the process that's listening on port 8081 or configure this application to listen on another port.

2020-02-01 14:55:44.151  INFO 22176 --- [main] o.s.s.concurrent.ThreadPoolTaskExecutor  : Shutting down ExecutorService 'applicationTaskExecutor'
2020-02-01 14:55:44.154  INFO 22176 --- [main] j.LocalContainerEntityManagerFactoryBean : Closing JPA EntityManagerFactory for persistence unit 'default'
2020-02-01 14:55:44.156  INFO 22176 --- [main] com.zaxxer.hikari.HikariDataSource       : HikariPool-1 - Shutdown initiated...
2020-02-01 14:55:44.173  INFO 22176 --- [main] com.zaxxer.hikari.HikariDataSource       : HikariPool-1 - Shutdown completed.
2020-02-01 14:55:58.854  INFO 13500 --- [main] ro.remro.Main                            : Starting Main on DESKTOP-6V2BCMF with PID 13500 (E:\Projects\udacity_java\other_studs\RemRoSpring-master\target\classes started by roby-l in E:\Projects\udacity_java\other_studs\RemRoSpring-master)
2020-02-01 14:55:58.869  INFO 13500 --- [main] ro.remro.Main                            : No active profile set, falling back to default profiles: default
2020-02-01 14:56:00.122  INFO 13500 --- [main] .s.d.r.c.RepositoryConfigurationDelegate : Bootstrapping Spring Data repositories in DEFAULT mode.
2020-02-01 14:56:00.221  INFO 13500 --- [main] .s.d.r.c.RepositoryConfigurationDelegate : Finished Spring Data repository scanning in 87ms. Found 4 repository interfaces.
2020-02-01 14:56:00.800  INFO 13500 --- [main] trationDelegate$BeanPostProcessorChecker : Bean 'org.springframework.transaction.annotation.ProxyTransactionManagementConfiguration' of type [org.springframework.transaction.annotation.ProxyTransactionManagementConfiguration] is not eligible for getting processed by all BeanPostProcessors (for example: not eligible for auto-proxying)
2020-02-01 14:56:01.435  INFO 13500 --- [main] o.s.b.w.embedded.tomcat.TomcatWebServer  : Tomcat initialized with port(s): 8081 (http)
2020-02-01 14:56:01.447  INFO 13500 --- [main] o.apache.catalina.core.StandardService   : Starting service [Tomcat]
2020-02-01 14:56:01.447  INFO 13500 --- [main] org.apache.catalina.core.StandardEngine  : Starting Servlet engine: [Apache Tomcat/9.0.27]
2020-02-01 14:56:01.574  INFO 13500 --- [main] o.a.c.c.C.[Tomcat].[localhost].[/]       : Initializing Spring embedded WebApplicationContext
2020-02-01 14:56:01.574  INFO 13500 --- [main] o.s.web.context.ContextLoader            : Root WebApplicationContext: initialization completed in 2598 ms
2020-02-01 14:56:01.999  INFO 13500 --- [main] o.hibernate.jpa.internal.util.LogHelper  : HHH000204: Processing PersistenceUnitInfo [name: default]
2020-02-01 14:56:02.115  INFO 13500 --- [main] org.hibernate.Version                    : HHH000412: Hibernate Core {5.4.8.Final}
2020-02-01 14:56:02.292  INFO 13500 --- [main] o.hibernate.annotations.common.Version   : HCANN000001: Hibernate Commons Annotations {5.1.0.Final}
2020-02-01 14:56:02.423  INFO 13500 --- [main] com.zaxxer.hikari.HikariDataSource       : HikariPool-1 - Starting...
2020-02-01 14:56:03.153  INFO 13500 --- [main] com.zaxxer.hikari.HikariDataSource       : HikariPool-1 - Start completed.
2020-02-01 14:56:03.181  INFO 13500 --- [main] org.hibernate.dialect.Dialect            : HHH000400: Using dialect: org.hibernate.dialect.MySQL5InnoDBDialect
2020-02-01 14:56:04.588  INFO 13500 --- [main] o.h.e.t.j.p.i.JtaPlatformInitiator       : HHH000490: Using JtaPlatform implementation: [org.hibernate.engine.transaction.jta.platform.internal.NoJtaPlatform]
2020-02-01 14:56:04.597  INFO 13500 --- [main] j.LocalContainerEntityManagerFactoryBean : Initialized JPA EntityManagerFactory for persistence unit 'default'
2020-02-01 14:56:04.700  WARN 13500 --- [main] JpaBaseConfiguration$JpaWebConfiguration : spring.jpa.open-in-view is enabled by default. Therefore, database queries may be performed during view rendering. Explicitly configure spring.jpa.open-in-view to disable this warning
2020-02-01 14:56:05.548  INFO 13500 --- [main] o.s.s.concurrent.ThreadPoolTaskExecutor  : Initializing ExecutorService 'applicationTaskExecutor'
2020-02-01 14:56:06.040  INFO 13500 --- [main] o.s.b.w.embedded.tomcat.TomcatWebServer  : Tomcat started on port(s): 8081 (http) with context path ''
2020-02-01 14:56:06.043  INFO 13500 --- [main] ro.remro.Main                            : Started Main in 7.855 seconds (JVM running for 8.803)
2020-02-01 14:56:07.770  INFO 13500 --- [SpringContextShutdownHook] o.s.s.concurrent.ThreadPoolTaskExecutor  : Shutting down ExecutorService 'applicationTaskExecutor'
2020-02-01 14:56:07.776  INFO 13500 --- [SpringContextShutdownHook] j.LocalContainerEntityManagerFactoryBean : Closing JPA EntityManagerFactory for persistence unit 'default'
2020-02-01 14:56:07.789  INFO 13500 --- [SpringContextShutdownHook] com.zaxxer.hikari.HikariDataSource       : HikariPool-1 - Shutdown initiated...
2020-02-01 14:56:07.817  INFO 13500 --- [SpringContextShutdownHook] com.zaxxer.hikari.HikariDataSource       : HikariPool-1 - Shutdown completed.
2020-02-01 14:56:58.485  INFO 32528 --- [main] ro.remro.Main                            : Starting Main on DESKTOP-6V2BCMF with PID 32528 (E:\Projects\udacity_java\other_studs\RemRoSpring-master\target\classes started by roby-l in E:\Projects\udacity_java\other_studs\RemRoSpring-master)
2020-02-01 14:56:58.501  INFO 32528 --- [main] ro.remro.Main                            : No active profile set, falling back to default profiles: default
2020-02-01 14:56:59.217  INFO 32528 --- [main] .s.d.r.c.RepositoryConfigurationDelegate : Bootstrapping Spring Data repositories in DEFAULT mode.
2020-02-01 14:56:59.298  INFO 32528 --- [main] .s.d.r.c.RepositoryConfigurationDelegate : Finished Spring Data repository scanning in 71ms. Found 4 repository interfaces.
2020-02-01 14:56:59.985  INFO 32528 --- [main] o.hibernate.jpa.internal.util.LogHelper  : HHH000204: Processing PersistenceUnitInfo [name: default]
2020-02-01 14:57:00.171  INFO 32528 --- [main] org.hibernate.Version                    : HHH000412: Hibernate Core {5.4.8.Final}
2020-02-01 14:57:00.349  INFO 32528 --- [main] o.hibernate.annotations.common.Version   : HCANN000001: Hibernate Commons Annotations {5.1.0.Final}
2020-02-01 14:57:00.854  INFO 32528 --- [main] com.zaxxer.hikari.HikariDataSource       : HikariPool-1 - Starting...
2020-02-01 14:57:01.789  INFO 32528 --- [main] com.zaxxer.hikari.HikariDataSource       : HikariPool-1 - Start completed.
2020-02-01 14:57:01.815  INFO 32528 --- [main] org.hibernate.dialect.Dialect            : HHH000400: Using dialect: org.hibernate.dialect.MySQL5InnoDBDialect
2020-02-01 14:57:03.394  INFO 32528 --- [main] o.h.e.t.j.p.i.JtaPlatformInitiator       : HHH000490: Using JtaPlatform implementation: [org.hibernate.engine.transaction.jta.platform.internal.NoJtaPlatform]
2020-02-01 14:57:03.402  INFO 32528 --- [main] j.LocalContainerEntityManagerFactoryBean : Initialized JPA EntityManagerFactory for persistence unit 'default'
2020-02-01 14:57:04.269  INFO 32528 --- [main] ro.remro.Main                            : Started Main in 6.435 seconds (JVM running for 7.434)
2020-02-01 14:57:05.500  INFO 32528 --- [SpringContextShutdownHook] j.LocalContainerEntityManagerFactoryBean : Closing JPA EntityManagerFactory for persistence unit 'default'
2020-02-01 14:57:05.504  INFO 32528 --- [SpringContextShutdownHook] com.zaxxer.hikari.HikariDataSource       : HikariPool-1 - Shutdown initiated...
2020-02-01 14:57:05.523  INFO 32528 --- [SpringContextShutdownHook] com.zaxxer.hikari.HikariDataSource       : HikariPool-1 - Shutdown completed.
2020-02-01 14:58:08.415  INFO 24464 --- [main] ro.remro.Main                            : Starting Main on DESKTOP-6V2BCMF with PID 24464 (E:\Projects\udacity_java\other_studs\RemRoSpring-master\target\classes started by roby-l in E:\Projects\udacity_java\other_studs\RemRoSpring-master)
2020-02-01 14:58:08.419  INFO 24464 --- [main] ro.remro.Main                            : No active profile set, falling back to default profiles: default
2020-02-01 14:58:09.191  INFO 24464 --- [main] .s.d.r.c.RepositoryConfigurationDelegate : Bootstrapping Spring Data repositories in DEFAULT mode.
2020-02-01 14:58:09.300  INFO 24464 --- [main] .s.d.r.c.RepositoryConfigurationDelegate : Finished Spring Data repository scanning in 93ms. Found 4 repository interfaces.
2020-02-01 14:58:09.921  INFO 24464 --- [main] o.hibernate.jpa.internal.util.LogHelper  : HHH000204: Processing PersistenceUnitInfo [name: default]
2020-02-01 14:58:10.022  INFO 24464 --- [main] org.hibernate.Version                    : HHH000412: Hibernate Core {5.4.8.Final}
2020-02-01 14:58:10.214  INFO 24464 --- [main] o.hibernate.annotations.common.Version   : HCANN000001: Hibernate Commons Annotations {5.1.0.Final}
2020-02-01 14:58:10.674  INFO 24464 --- [main] com.zaxxer.hikari.HikariDataSource       : HikariPool-1 - Starting...
2020-02-01 14:58:11.354  INFO 24464 --- [main] com.zaxxer.hikari.HikariDataSource       : HikariPool-1 - Start completed.
2020-02-01 14:58:11.375  INFO 24464 --- [main] org.hibernate.dialect.Dialect            : HHH000400: Using dialect: org.hibernate.dialect.MySQL5InnoDBDialect
2020-02-01 14:58:12.583  INFO 24464 --- [main] o.h.e.t.j.p.i.JtaPlatformInitiator       : HHH000490: Using JtaPlatform implementation: [org.hibernate.engine.transaction.jta.platform.internal.NoJtaPlatform]
2020-02-01 14:58:12.590  INFO 24464 --- [main] j.LocalContainerEntityManagerFactoryBean : Initialized JPA EntityManagerFactory for persistence unit 'default'
2020-02-01 14:58:13.228  INFO 24464 --- [main] ro.remro.Main                            : Started Main in 5.424 seconds (JVM running for 6.357)
2020-02-01 14:58:14.502  INFO 24464 --- [JavaFX Application Thread] o.h.j.b.internal.PersistenceXmlParser    : HHH000318: Could not find any META-INF/persistence.xml file in the classpath
2020-02-01 14:58:14.527  INFO 24464 --- [SpringContextShutdownHook] j.LocalContainerEntityManagerFactoryBean : Closing JPA EntityManagerFactory for persistence unit 'default'
2020-02-01 14:58:14.531  INFO 24464 --- [SpringContextShutdownHook] com.zaxxer.hikari.HikariDataSource       : HikariPool-1 - Shutdown initiated...
2020-02-01 14:58:14.550  INFO 24464 --- [SpringContextShutdownHook] com.zaxxer.hikari.HikariDataSource       : HikariPool-1 - Shutdown completed.
2020-02-01 14:58:57.982  INFO 29928 --- [main] ro.remro.Main                            : Starting Main on DESKTOP-6V2BCMF with PID 29928 (E:\Projects\udacity_java\other_studs\RemRoSpring-master\target\classes started by roby-l in E:\Projects\udacity_java\other_studs\RemRoSpring-master)
2020-02-01 14:58:57.988  INFO 29928 --- [main] ro.remro.Main                            : No active profile set, falling back to default profiles: default
2020-02-01 14:58:59.012  INFO 29928 --- [main] .s.d.r.c.RepositoryConfigurationDelegate : Bootstrapping Spring Data repositories in DEFAULT mode.
2020-02-01 14:58:59.158  INFO 29928 --- [main] .s.d.r.c.RepositoryConfigurationDelegate : Finished Spring Data repository scanning in 125ms. Found 4 repository interfaces.
2020-02-01 14:59:00.167  INFO 29928 --- [main] o.hibernate.jpa.internal.util.LogHelper  : HHH000204: Processing PersistenceUnitInfo [name: default]
2020-02-01 14:59:00.309  INFO 29928 --- [main] org.hibernate.Version                    : HHH000412: Hibernate Core {5.4.8.Final}
2020-02-01 14:59:00.657  INFO 29928 --- [main] o.hibernate.annotations.common.Version   : HCANN000001: Hibernate Commons Annotations {5.1.0.Final}
2020-02-01 14:59:01.248  INFO 29928 --- [main] com.zaxxer.hikari.HikariDataSource       : HikariPool-1 - Starting...
2020-02-01 14:59:02.047  INFO 29928 --- [main] com.zaxxer.hikari.HikariDataSource       : HikariPool-1 - Start completed.
2020-02-01 14:59:02.087  INFO 29928 --- [main] org.hibernate.dialect.Dialect            : HHH000400: Using dialect: org.hibernate.dialect.MySQL5InnoDBDialect
2020-02-01 14:59:03.564  INFO 29928 --- [main] o.h.e.t.j.p.i.JtaPlatformInitiator       : HHH000490: Using JtaPlatform implementation: [org.hibernate.engine.transaction.jta.platform.internal.NoJtaPlatform]
2020-02-01 14:59:03.574  INFO 29928 --- [main] j.LocalContainerEntityManagerFactoryBean : Initialized JPA EntityManagerFactory for persistence unit 'default'
2020-02-01 14:59:04.412  INFO 29928 --- [main] ro.remro.Main                            : Started Main in 7.427 seconds (JVM running for 9.357)
2020-02-01 14:59:06.330  INFO 29928 --- [JavaFX Application Thread] o.h.j.b.internal.PersistenceXmlParser    : HHH000318: Could not find any META-INF/persistence.xml file in the classpath
2020-02-01 14:59:06.360  INFO 29928 --- [SpringContextShutdownHook] j.LocalContainerEntityManagerFactoryBean : Closing JPA EntityManagerFactory for persistence unit 'default'
2020-02-01 14:59:06.365  INFO 29928 --- [SpringContextShutdownHook] com.zaxxer.hikari.HikariDataSource       : HikariPool-1 - Shutdown initiated...
2020-02-01 14:59:06.389  INFO 29928 --- [SpringContextShutdownHook] com.zaxxer.hikari.HikariDataSource       : HikariPool-1 - Shutdown completed.
2020-02-01 14:59:34.328  INFO 19636 --- [main] ro.remro.Main                            : Starting Main on DESKTOP-6V2BCMF with PID 19636 (E:\Projects\udacity_java\other_studs\RemRoSpring-master\target\classes started by roby-l in E:\Projects\udacity_java\other_studs\RemRoSpring-master)
2020-02-01 14:59:34.335  INFO 19636 --- [main] ro.remro.Main                            : No active profile set, falling back to default profiles: default
2020-02-01 14:59:35.320  INFO 19636 --- [main] .s.d.r.c.RepositoryConfigurationDelegate : Bootstrapping Spring Data repositories in DEFAULT mode.
2020-02-01 14:59:35.445  INFO 19636 --- [main] .s.d.r.c.RepositoryConfigurationDelegate : Finished Spring Data repository scanning in 108ms. Found 4 repository interfaces.
2020-02-01 14:59:36.358  INFO 19636 --- [main] o.hibernate.jpa.internal.util.LogHelper  : HHH000204: Processing PersistenceUnitInfo [name: default]
2020-02-01 14:59:36.480  INFO 19636 --- [main] org.hibernate.Version                    : HHH000412: Hibernate Core {5.4.8.Final}
2020-02-01 14:59:36.800  INFO 19636 --- [main] o.hibernate.annotations.common.Version   : HCANN000001: Hibernate Commons Annotations {5.1.0.Final}
2020-02-01 14:59:37.409  INFO 19636 --- [main] com.zaxxer.hikari.HikariDataSource       : HikariPool-1 - Starting...
2020-02-01 14:59:38.416  INFO 19636 --- [main] com.zaxxer.hikari.HikariDataSource       : HikariPool-1 - Start completed.
2020-02-01 14:59:38.442  INFO 19636 --- [main] org.hibernate.dialect.Dialect            : HHH000400: Using dialect: org.hibernate.dialect.MySQL5InnoDBDialect
2020-02-01 14:59:40.279  INFO 19636 --- [main] o.h.e.t.j.p.i.JtaPlatformInitiator       : HHH000490: Using JtaPlatform implementation: [org.hibernate.engine.transaction.jta.platform.internal.NoJtaPlatform]
2020-02-01 14:59:40.292  INFO 19636 --- [main] j.LocalContainerEntityManagerFactoryBean : Initialized JPA EntityManagerFactory for persistence unit 'default'
2020-02-01 14:59:41.321  INFO 19636 --- [main] ro.remro.Main                            : Started Main in 7.876 seconds (JVM running for 9.4)
2020-02-01 14:59:45.890  INFO 19636 --- [JavaFX Application Thread] o.h.j.b.internal.PersistenceXmlParser    : HHH000318: Could not find any META-INF/persistence.xml file in the classpath
2020-02-01 15:00:24.066  WARN 19636 --- [HikariPool-1 housekeeper] com.zaxxer.hikari.pool.HikariPool        : HikariPool-1 - Thread starvation or clock leap detected (housekeeper delta=45s437ms742µs600ns).
2020-02-01 15:01:59.325  INFO 19636 --- [SpringContextShutdownHook] j.LocalContainerEntityManagerFactoryBean : Closing JPA EntityManagerFactory for persistence unit 'default'
2020-02-01 15:01:59.329  INFO 19636 --- [SpringContextShutdownHook] com.zaxxer.hikari.HikariDataSource       : HikariPool-1 - Shutdown initiated...
2020-02-01 15:01:59.343  INFO 19636 --- [SpringContextShutdownHook] com.zaxxer.hikari.HikariDataSource       : HikariPool-1 - Shutdown completed.
2020-02-01 15:02:21.721  INFO 11032 --- [main] ro.remro.Main                            : Starting Main on DESKTOP-6V2BCMF with PID 11032 (E:\Projects\udacity_java\other_studs\RemRoSpring-master\target\classes started by roby-l in E:\Projects\udacity_java\other_studs\RemRoSpring-master)
2020-02-01 15:02:21.725  INFO 11032 --- [main] ro.remro.Main                            : No active profile set, falling back to default profiles: default
2020-02-01 15:02:23.066  INFO 11032 --- [main] .s.d.r.c.RepositoryConfigurationDelegate : Bootstrapping Spring Data repositories in DEFAULT mode.
2020-02-01 15:02:23.241  INFO 11032 --- [main] .s.d.r.c.RepositoryConfigurationDelegate : Finished Spring Data repository scanning in 156ms. Found 4 repository interfaces.
2020-02-01 15:02:23.962  INFO 11032 --- [main] o.hibernate.jpa.internal.util.LogHelper  : HHH000204: Processing PersistenceUnitInfo [name: default]
2020-02-01 15:02:24.077  INFO 11032 --- [main] org.hibernate.Version                    : HHH000412: Hibernate Core {5.4.8.Final}
2020-02-01 15:02:24.405  INFO 11032 --- [main] o.hibernate.annotations.common.Version   : HCANN000001: Hibernate Commons Annotations {5.1.0.Final}
2020-02-01 15:02:25.106  INFO 11032 --- [main] com.zaxxer.hikari.HikariDataSource       : HikariPool-1 - Starting...
2020-02-01 15:02:25.762  INFO 11032 --- [main] com.zaxxer.hikari.HikariDataSource       : HikariPool-1 - Start completed.
2020-02-01 15:02:25.781  INFO 11032 --- [main] org.hibernate.dialect.Dialect            : HHH000400: Using dialect: org.hibernate.dialect.MySQL5InnoDBDialect
2020-02-01 15:02:26.961  INFO 11032 --- [main] o.h.e.t.j.p.i.JtaPlatformInitiator       : HHH000490: Using JtaPlatform implementation: [org.hibernate.engine.transaction.jta.platform.internal.NoJtaPlatform]
2020-02-01 15:02:26.968  INFO 11032 --- [main] j.LocalContainerEntityManagerFactoryBean : Initialized JPA EntityManagerFactory for persistence unit 'default'
2020-02-01 15:02:27.669  INFO 11032 --- [main] ro.remro.Main                            : Started Main in 6.968 seconds (JVM running for 8.819)
2020-02-01 15:02:29.017  INFO 11032 --- [JavaFX Application Thread] o.h.j.b.internal.PersistenceXmlParser    : HHH000318: Could not find any META-INF/persistence.xml file in the classpath
2020-02-01 15:02:29.035  INFO 11032 --- [SpringContextShutdownHook] j.LocalContainerEntityManagerFactoryBean : Closing JPA EntityManagerFactory for persistence unit 'default'
2020-02-01 15:02:29.038  INFO 11032 --- [SpringContextShutdownHook] com.zaxxer.hikari.HikariDataSource       : HikariPool-1 - Shutdown initiated...
2020-02-01 15:02:29.054  INFO 11032 --- [SpringContextShutdownHook] com.zaxxer.hikari.HikariDataSource       : HikariPool-1 - Shutdown completed.
2020-02-01 15:02:56.093  INFO 20656 --- [main] ro.remro.Main                            : Starting Main on DESKTOP-6V2BCMF with PID 20656 (E:\Projects\udacity_java\other_studs\RemRoSpring-master\target\classes started by roby-l in E:\Projects\udacity_java\other_studs\RemRoSpring-master)
2020-02-01 15:02:56.097  INFO 20656 --- [main] ro.remro.Main                            : No active profile set, falling back to default profiles: default
2020-02-01 15:02:56.861  INFO 20656 --- [main] .s.d.r.c.RepositoryConfigurationDelegate : Bootstrapping Spring Data repositories in DEFAULT mode.
2020-02-01 15:02:56.958  INFO 20656 --- [main] .s.d.r.c.RepositoryConfigurationDelegate : Finished Spring Data repository scanning in 83ms. Found 4 repository interfaces.
2020-02-01 15:02:57.623  INFO 20656 --- [main] o.hibernate.jpa.internal.util.LogHelper  : HHH000204: Processing PersistenceUnitInfo [name: default]
2020-02-01 15:02:57.725  INFO 20656 --- [main] org.hibernate.Version                    : HHH000412: Hibernate Core {5.4.8.Final}
2020-02-01 15:02:57.917  INFO 20656 --- [main] o.hibernate.annotations.common.Version   : HCANN000001: Hibernate Commons Annotations {5.1.0.Final}
2020-02-01 15:02:58.406  INFO 20656 --- [main] com.zaxxer.hikari.HikariDataSource       : HikariPool-1 - Starting...
2020-02-01 15:02:59.062  INFO 20656 --- [main] com.zaxxer.hikari.HikariDataSource       : HikariPool-1 - Start completed.
2020-02-01 15:02:59.080  INFO 20656 --- [main] org.hibernate.dialect.Dialect            : HHH000400: Using dialect: org.hibernate.dialect.MySQL5InnoDBDialect
2020-02-01 15:03:00.430  INFO 20656 --- [main] o.h.e.t.j.p.i.JtaPlatformInitiator       : HHH000490: Using JtaPlatform implementation: [org.hibernate.engine.transaction.jta.platform.internal.NoJtaPlatform]
2020-02-01 15:03:00.440  INFO 20656 --- [main] j.LocalContainerEntityManagerFactoryBean : Initialized JPA EntityManagerFactory for persistence unit 'default'
2020-02-01 15:03:01.237  INFO 20656 --- [main] ro.remro.Main                            : Started Main in 5.725 seconds (JVM running for 6.758)
2020-02-01 15:05:42.330  INFO 5340 --- [main] ro.remro.Main                            : Starting Main on DESKTOP-6V2BCMF with PID 5340 (E:\Projects\udacity_java\other_studs\RemRoSpring-master\target\classes started by roby-l in E:\Projects\udacity_java\other_studs\RemRoSpring-master)
2020-02-01 15:05:42.336  INFO 5340 --- [main] ro.remro.Main                            : No active profile set, falling back to default profiles: default
2020-02-01 15:05:43.391  INFO 5340 --- [main] .s.d.r.c.RepositoryConfigurationDelegate : Bootstrapping Spring Data repositories in DEFAULT mode.
2020-02-01 15:05:43.525  INFO 5340 --- [main] .s.d.r.c.RepositoryConfigurationDelegate : Finished Spring Data repository scanning in 114ms. Found 4 repository interfaces.
2020-02-01 15:05:44.350  INFO 5340 --- [main] o.hibernate.jpa.internal.util.LogHelper  : HHH000204: Processing PersistenceUnitInfo [name: default]
2020-02-01 15:05:44.503  INFO 5340 --- [main] org.hibernate.Version                    : HHH000412: Hibernate Core {5.4.8.Final}
2020-02-01 15:05:44.814  INFO 5340 --- [main] o.hibernate.annotations.common.Version   : HCANN000001: Hibernate Commons Annotations {5.1.0.Final}
2020-02-01 15:05:45.830  INFO 5340 --- [main] com.zaxxer.hikari.HikariDataSource       : HikariPool-1 - Starting...
2020-02-01 15:05:46.798  INFO 5340 --- [main] com.zaxxer.hikari.HikariDataSource       : HikariPool-1 - Start completed.
2020-02-01 15:05:46.833  INFO 5340 --- [main] org.hibernate.dialect.Dialect            : HHH000400: Using dialect: org.hibernate.dialect.MySQL5InnoDBDialect
2020-02-01 15:05:48.905  INFO 5340 --- [main] o.h.e.t.j.p.i.JtaPlatformInitiator       : HHH000490: Using JtaPlatform implementation: [org.hibernate.engine.transaction.jta.platform.internal.NoJtaPlatform]
2020-02-01 15:05:48.917  INFO 5340 --- [main] j.LocalContainerEntityManagerFactoryBean : Initialized JPA EntityManagerFactory for persistence unit 'default'
2020-02-01 15:05:49.785  INFO 5340 --- [main] ro.remro.Main                            : Started Main in 8.352 seconds (JVM running for 9.717)
2020-02-01 15:07:09.695  WARN 5340 --- [HikariPool-1 housekeeper] com.zaxxer.hikari.pool.HikariPool        : HikariPool-1 - Thread starvation or clock leap detected (housekeeper delta=52s607ms728µs100ns).
2020-02-01 15:10:32.550  WARN 5340 --- [HikariPool-1 housekeeper] com.zaxxer.hikari.pool.HikariPool        : HikariPool-1 - Thread starvation or clock leap detected (housekeeper delta=3m22s854ms329µs300ns).
2020-02-01 15:10:32.759  INFO 5340 --- [SpringContextShutdownHook] j.LocalContainerEntityManagerFactoryBean : Closing JPA EntityManagerFactory for persistence unit 'default'
2020-02-01 15:10:32.763  INFO 5340 --- [SpringContextShutdownHook] com.zaxxer.hikari.HikariDataSource       : HikariPool-1 - Shutdown initiated...
2020-02-01 15:10:32.782  INFO 5340 --- [SpringContextShutdownHook] com.zaxxer.hikari.HikariDataSource       : HikariPool-1 - Shutdown completed.
2020-02-01 15:10:39.735  INFO 20132 --- [main] ro.remro.Main                            : Starting Main on DESKTOP-6V2BCMF with PID 20132 (E:\Projects\udacity_java\other_studs\RemRoSpring-master\target\classes started by roby-l in E:\Projects\udacity_java\other_studs\RemRoSpring-master)
2020-02-01 15:10:39.742  INFO 20132 --- [main] ro.remro.Main                            : No active profile set, falling back to default profiles: default
2020-02-01 15:10:40.873  INFO 20132 --- [main] .s.d.r.c.RepositoryConfigurationDelegate : Bootstrapping Spring Data repositories in DEFAULT mode.
2020-02-01 15:10:41.016  INFO 20132 --- [main] .s.d.r.c.RepositoryConfigurationDelegate : Finished Spring Data repository scanning in 122ms. Found 4 repository interfaces.
2020-02-01 15:10:42.011  INFO 20132 --- [main] o.hibernate.jpa.internal.util.LogHelper  : HHH000204: Processing PersistenceUnitInfo [name: default]
2020-02-01 15:10:42.157  INFO 20132 --- [main] org.hibernate.Version                    : HHH000412: Hibernate Core {5.4.8.Final}
2020-02-01 15:10:42.456  INFO 20132 --- [main] o.hibernate.annotations.common.Version   : HCANN000001: Hibernate Commons Annotations {5.1.0.Final}
2020-02-01 15:10:43.140  INFO 20132 --- [main] com.zaxxer.hikari.HikariDataSource       : HikariPool-1 - Starting...
2020-02-01 15:10:44.168  INFO 20132 --- [main] com.zaxxer.hikari.HikariDataSource       : HikariPool-1 - Start completed.
2020-02-01 15:10:44.201  INFO 20132 --- [main] org.hibernate.dialect.Dialect            : HHH000400: Using dialect: org.hibernate.dialect.MySQL5InnoDBDialect
2020-02-01 15:10:45.708  INFO 20132 --- [main] o.h.e.t.j.p.i.JtaPlatformInitiator       : HHH000490: Using JtaPlatform implementation: [org.hibernate.engine.transaction.jta.platform.internal.NoJtaPlatform]
2020-02-01 15:10:45.717  INFO 20132 --- [main] j.LocalContainerEntityManagerFactoryBean : Initialized JPA EntityManagerFactory for persistence unit 'default'
2020-02-01 15:10:46.524  INFO 20132 --- [main] ro.remro.Main                            : Started Main in 7.654 seconds (JVM running for 9.083)
2020-02-01 15:10:47.751  INFO 20132 --- [SpringContextShutdownHook] j.LocalContainerEntityManagerFactoryBean : Closing JPA EntityManagerFactory for persistence unit 'default'
2020-02-01 15:10:47.756  INFO 20132 --- [SpringContextShutdownHook] com.zaxxer.hikari.HikariDataSource       : HikariPool-1 - Shutdown initiated...
2020-02-01 15:10:47.783  INFO 20132 --- [SpringContextShutdownHook] com.zaxxer.hikari.HikariDataSource       : HikariPool-1 - Shutdown completed.
2020-02-01 15:11:43.602  INFO 10376 --- [main] ro.remro.Main                            : Starting Main on DESKTOP-6V2BCMF with PID 10376 (E:\Projects\udacity_java\other_studs\RemRoSpring-master\target\classes started by roby-l in E:\Projects\udacity_java\other_studs\RemRoSpring-master)
2020-02-01 15:11:43.606  INFO 10376 --- [main] ro.remro.Main                            : No active profile set, falling back to default profiles: default
2020-02-01 15:11:44.355  INFO 10376 --- [main] .s.d.r.c.RepositoryConfigurationDelegate : Bootstrapping Spring Data repositories in DEFAULT mode.
2020-02-01 15:11:44.452  INFO 10376 --- [main] .s.d.r.c.RepositoryConfigurationDelegate : Finished Spring Data repository scanning in 82ms. Found 4 repository interfaces.
2020-02-01 15:11:45.090  INFO 10376 --- [main] o.hibernate.jpa.internal.util.LogHelper  : HHH000204: Processing PersistenceUnitInfo [name: default]
2020-02-01 15:11:45.194  INFO 10376 --- [main] org.hibernate.Version                    : HHH000412: Hibernate Core {5.4.8.Final}
2020-02-01 15:11:45.410  INFO 10376 --- [main] o.hibernate.annotations.common.Version   : HCANN000001: Hibernate Commons Annotations {5.1.0.Final}
2020-02-01 15:11:45.827  INFO 10376 --- [main] com.zaxxer.hikari.HikariDataSource       : HikariPool-1 - Starting...
2020-02-01 15:11:46.543  INFO 10376 --- [main] com.zaxxer.hikari.HikariDataSource       : HikariPool-1 - Start completed.
2020-02-01 15:11:46.566  INFO 10376 --- [main] org.hibernate.dialect.Dialect            : HHH000400: Using dialect: org.hibernate.dialect.MySQL5InnoDBDialect
2020-02-01 15:11:47.814  INFO 10376 --- [main] o.h.e.t.j.p.i.JtaPlatformInitiator       : HHH000490: Using JtaPlatform implementation: [org.hibernate.engine.transaction.jta.platform.internal.NoJtaPlatform]
2020-02-01 15:11:47.821  INFO 10376 --- [main] j.LocalContainerEntityManagerFactoryBean : Initialized JPA EntityManagerFactory for persistence unit 'default'
2020-02-01 15:11:48.586  INFO 10376 --- [main] ro.remro.Main                            : Started Main in 5.578 seconds (JVM running for 6.692)
2020-02-01 15:11:49.706  INFO 10376 --- [SpringContextShutdownHook] j.LocalContainerEntityManagerFactoryBean : Closing JPA EntityManagerFactory for persistence unit 'default'
2020-02-01 15:11:49.710  INFO 10376 --- [SpringContextShutdownHook] com.zaxxer.hikari.HikariDataSource       : HikariPool-1 - Shutdown initiated...
2020-02-01 15:11:49.727  INFO 10376 --- [SpringContextShutdownHook] com.zaxxer.hikari.HikariDataSource       : HikariPool-1 - Shutdown completed.
2020-02-01 15:13:25.170  INFO 6600 --- [main] ro.remro.Main                            : Starting Main on DESKTOP-6V2BCMF with PID 6600 (E:\Projects\udacity_java\other_studs\RemRoSpring-master\target\classes started by roby-l in E:\Projects\udacity_java\other_studs\RemRoSpring-master)
2020-02-01 15:13:25.176  INFO 6600 --- [main] ro.remro.Main                            : No active profile set, falling back to default profiles: default
2020-02-01 15:13:26.049  INFO 6600 --- [main] .s.d.r.c.RepositoryConfigurationDelegate : Bootstrapping Spring Data repositories in DEFAULT mode.
2020-02-01 15:13:26.190  INFO 6600 --- [main] .s.d.r.c.RepositoryConfigurationDelegate : Finished Spring Data repository scanning in 121ms. Found 4 repository interfaces.
2020-02-01 15:13:26.950  INFO 6600 --- [main] o.hibernate.jpa.internal.util.LogHelper  : HHH000204: Processing PersistenceUnitInfo [name: default]
2020-02-01 15:13:27.083  INFO 6600 --- [main] org.hibernate.Version                    : HHH000412: Hibernate Core {5.4.8.Final}
2020-02-01 15:13:27.363  INFO 6600 --- [main] o.hibernate.annotations.common.Version   : HCANN000001: Hibernate Commons Annotations {5.1.0.Final}
2020-02-01 15:13:27.929  INFO 6600 --- [main] com.zaxxer.hikari.HikariDataSource       : HikariPool-1 - Starting...
2020-02-01 15:13:28.778  INFO 6600 --- [main] com.zaxxer.hikari.HikariDataSource       : HikariPool-1 - Start completed.
2020-02-01 15:13:28.811  INFO 6600 --- [main] org.hibernate.dialect.Dialect            : HHH000400: Using dialect: org.hibernate.dialect.MySQL5InnoDBDialect
2020-02-01 15:13:30.371  INFO 6600 --- [main] o.h.e.t.j.p.i.JtaPlatformInitiator       : HHH000490: Using JtaPlatform implementation: [org.hibernate.engine.transaction.jta.platform.internal.NoJtaPlatform]
2020-02-01 15:13:30.382  INFO 6600 --- [main] j.LocalContainerEntityManagerFactoryBean : Initialized JPA EntityManagerFactory for persistence unit 'default'
2020-02-01 15:13:31.265  INFO 6600 --- [main] ro.remro.Main                            : Started Main in 6.891 seconds (JVM running for 8.287)
2020-02-01 15:18:06.501  WARN 6600 --- [HikariPool-1 housekeeper] com.zaxxer.hikari.pool.HikariPool        : HikariPool-1 - Thread starvation or clock leap detected (housekeeper delta=4m7s619ms886µs700ns).
2020-02-01 15:18:06.629  INFO 6600 --- [SpringContextShutdownHook] j.LocalContainerEntityManagerFactoryBean : Closing JPA EntityManagerFactory for persistence unit 'default'
2020-02-01 15:18:06.632  INFO 6600 --- [SpringContextShutdownHook] com.zaxxer.hikari.HikariDataSource       : HikariPool-1 - Shutdown initiated...
2020-02-01 15:18:06.666  INFO 6600 --- [SpringContextShutdownHook] com.zaxxer.hikari.HikariDataSource       : HikariPool-1 - Shutdown completed.
2020-02-01 15:18:13.132  INFO 31324 --- [main] ro.remro.Main                            : Starting Main on DESKTOP-6V2BCMF with PID 31324 (E:\Projects\udacity_java\other_studs\RemRoSpring-master\target\classes started by roby-l in E:\Projects\udacity_java\other_studs\RemRoSpring-master)
2020-02-01 15:18:13.137  INFO 31324 --- [main] ro.remro.Main                            : No active profile set, falling back to default profiles: default
2020-02-01 15:18:14.071  INFO 31324 --- [main] .s.d.r.c.RepositoryConfigurationDelegate : Bootstrapping Spring Data repositories in DEFAULT mode.
2020-02-01 15:18:14.192  INFO 31324 --- [main] .s.d.r.c.RepositoryConfigurationDelegate : Finished Spring Data repository scanning in 105ms. Found 4 repository interfaces.
2020-02-01 15:18:15.061  INFO 31324 --- [main] o.hibernate.jpa.internal.util.LogHelper  : HHH000204: Processing PersistenceUnitInfo [name: default]
2020-02-01 15:18:15.177  INFO 31324 --- [main] org.hibernate.Version                    : HHH000412: Hibernate Core {5.4.8.Final}
2020-02-01 15:18:15.482  INFO 31324 --- [main] o.hibernate.annotations.common.Version   : HCANN000001: Hibernate Commons Annotations {5.1.0.Final}
2020-02-01 15:18:16.168  INFO 31324 --- [main] com.zaxxer.hikari.HikariDataSource       : HikariPool-1 - Starting...
2020-02-01 15:18:17.045  INFO 31324 --- [main] com.zaxxer.hikari.HikariDataSource       : HikariPool-1 - Start completed.
2020-02-01 15:18:17.070  INFO 31324 --- [main] org.hibernate.dialect.Dialect            : HHH000400: Using dialect: org.hibernate.dialect.MySQL5InnoDBDialect
2020-02-01 15:18:18.599  INFO 31324 --- [main] o.h.e.t.j.p.i.JtaPlatformInitiator       : HHH000490: Using JtaPlatform implementation: [org.hibernate.engine.transaction.jta.platform.internal.NoJtaPlatform]
2020-02-01 15:18:18.609  INFO 31324 --- [main] j.LocalContainerEntityManagerFactoryBean : Initialized JPA EntityManagerFactory for persistence unit 'default'
2020-02-01 15:18:19.525  INFO 31324 --- [main] ro.remro.Main                            : Started Main in 7.272 seconds (JVM running for 8.686)
2020-02-01 15:19:03.309  WARN 31324 --- [HikariPool-1 housekeeper] com.zaxxer.hikari.pool.HikariPool        : HikariPool-1 - Thread starvation or clock leap detected (housekeeper delta=46s161ms760µs800ns).
2020-02-01 15:19:03.379  INFO 31324 --- [SpringContextShutdownHook] j.LocalContainerEntityManagerFactoryBean : Closing JPA EntityManagerFactory for persistence unit 'default'
2020-02-01 15:19:03.382  INFO 31324 --- [SpringContextShutdownHook] com.zaxxer.hikari.HikariDataSource       : HikariPool-1 - Shutdown initiated...
2020-02-01 15:19:03.403  INFO 31324 --- [SpringContextShutdownHook] com.zaxxer.hikari.HikariDataSource       : HikariPool-1 - Shutdown completed.
2020-02-01 15:19:12.395  INFO 8900 --- [main] ro.remro.Main                            : Starting Main on DESKTOP-6V2BCMF with PID 8900 (E:\Projects\udacity_java\other_studs\RemRoSpring-master\target\classes started by roby-l in E:\Projects\udacity_java\other_studs\RemRoSpring-master)
2020-02-01 15:19:12.400  INFO 8900 --- [main] ro.remro.Main                            : No active profile set, falling back to default profiles: default
2020-02-01 15:19:13.635  INFO 8900 --- [main] .s.d.r.c.RepositoryConfigurationDelegate : Bootstrapping Spring Data repositories in DEFAULT mode.
2020-02-01 15:19:13.762  INFO 8900 --- [main] .s.d.r.c.RepositoryConfigurationDelegate : Finished Spring Data repository scanning in 106ms. Found 4 repository interfaces.
2020-02-01 15:19:15.015  INFO 8900 --- [main] o.hibernate.jpa.internal.util.LogHelper  : HHH000204: Processing PersistenceUnitInfo [name: default]
2020-02-01 15:19:15.171  INFO 8900 --- [main] org.hibernate.Version                    : HHH000412: Hibernate Core {5.4.8.Final}
2020-02-01 15:19:15.550  INFO 8900 --- [main] o.hibernate.annotations.common.Version   : HCANN000001: Hibernate Commons Annotations {5.1.0.Final}
2020-02-01 15:19:17.019  INFO 8900 --- [main] com.zaxxer.hikari.HikariDataSource       : HikariPool-1 - Starting...
2020-02-01 15:19:18.056  INFO 8900 --- [main] com.zaxxer.hikari.HikariDataSource       : HikariPool-1 - Start completed.
2020-02-01 15:19:18.086  INFO 8900 --- [main] org.hibernate.dialect.Dialect            : HHH000400: Using dialect: org.hibernate.dialect.MySQL5InnoDBDialect
2020-02-01 15:19:19.835  INFO 8900 --- [main] o.h.e.t.j.p.i.JtaPlatformInitiator       : HHH000490: Using JtaPlatform implementation: [org.hibernate.engine.transaction.jta.platform.internal.NoJtaPlatform]
2020-02-01 15:19:19.845  INFO 8900 --- [main] j.LocalContainerEntityManagerFactoryBean : Initialized JPA EntityManagerFactory for persistence unit 'default'
2020-02-01 15:19:20.613  WARN 8900 --- [main] s.c.a.AnnotationConfigApplicationContext : Exception encountered during context initialization - cancelling refresh attempt: org.springframework.beans.factory.UnsatisfiedDependencyException: Error creating bean with name 'controller': Unsatisfied dependency expressed through method 'saveOwnerinMySQL' parameter 0; nested exception is org.springframework.beans.factory.NoSuchBeanDefinitionException: No qualifying bean of type 'javafx.event.ActionEvent' available: expected at least 1 bean which qualifies as autowire candidate. Dependency annotations: {}
2020-02-01 15:19:20.618  INFO 8900 --- [main] j.LocalContainerEntityManagerFactoryBean : Closing JPA EntityManagerFactory for persistence unit 'default'
2020-02-01 15:19:20.623  INFO 8900 --- [main] com.zaxxer.hikari.HikariDataSource       : HikariPool-1 - Shutdown initiated...
2020-02-01 15:19:20.685  INFO 8900 --- [main] com.zaxxer.hikari.HikariDataSource       : HikariPool-1 - Shutdown completed.
2020-02-01 15:19:20.708  INFO 8900 --- [main] ConditionEvaluationReportLoggingListener : 

Error starting ApplicationContext. To display the conditions report re-run your application with 'debug' enabled.
2020-02-01 15:19:20.971 ERROR 8900 --- [main] o.s.b.d.LoggingFailureAnalysisReporter   : 

***************************
APPLICATION FAILED TO START
***************************

Description:

Parameter 0 of method saveOwnerinMySQL in ro.remro.sample.Controller required a bean of type 'javafx.event.ActionEvent' that could not be found.


Action:

Consider defining a bean of type 'javafx.event.ActionEvent' in your configuration.

2020-02-01 15:19:39.577  INFO 15988 --- [main] ro.remro.Main                            : Starting Main on DESKTOP-6V2BCMF with PID 15988 (E:\Projects\udacity_java\other_studs\RemRoSpring-master\target\classes started by roby-l in E:\Projects\udacity_java\other_studs\RemRoSpring-master)
2020-02-01 15:19:39.583  INFO 15988 --- [main] ro.remro.Main                            : No active profile set, falling back to default profiles: default
2020-02-01 15:19:40.726  INFO 15988 --- [main] .s.d.r.c.RepositoryConfigurationDelegate : Bootstrapping Spring Data repositories in DEFAULT mode.
2020-02-01 15:19:40.855  INFO 15988 --- [main] .s.d.r.c.RepositoryConfigurationDelegate : Finished Spring Data repository scanning in 115ms. Found 4 repository interfaces.
2020-02-01 15:19:41.677  INFO 15988 --- [main] o.hibernate.jpa.internal.util.LogHelper  : HHH000204: Processing PersistenceUnitInfo [name: default]
2020-02-01 15:19:41.817  INFO 15988 --- [main] org.hibernate.Version                    : HHH000412: Hibernate Core {5.4.8.Final}
2020-02-01 15:19:42.351  INFO 15988 --- [main] o.hibernate.annotations.common.Version   : HCANN000001: Hibernate Commons Annotations {5.1.0.Final}
2020-02-01 15:19:44.256  INFO 15988 --- [main] com.zaxxer.hikari.HikariDataSource       : HikariPool-1 - Starting...
2020-02-01 15:19:45.733  INFO 15988 --- [main] com.zaxxer.hikari.HikariDataSource       : HikariPool-1 - Start completed.
2020-02-01 15:19:45.775  INFO 15988 --- [main] org.hibernate.dialect.Dialect            : HHH000400: Using dialect: org.hibernate.dialect.MySQL5InnoDBDialect
2020-02-01 15:19:49.075  INFO 15988 --- [main] o.h.e.t.j.p.i.JtaPlatformInitiator       : HHH000490: Using JtaPlatform implementation: [org.hibernate.engine.transaction.jta.platform.internal.NoJtaPlatform]
2020-02-01 15:19:49.092  INFO 15988 --- [main] j.LocalContainerEntityManagerFactoryBean : Initialized JPA EntityManagerFactory for persistence unit 'default'
2020-02-01 15:19:50.457  WARN 15988 --- [main] s.c.a.AnnotationConfigApplicationContext : Exception encountered during context initialization - cancelling refresh attempt: org.springframework.beans.factory.UnsatisfiedDependencyException: Error creating bean with name 'controller': Unsatisfied dependency expressed through method 'saveOwnerinMySQL' parameter 0; nested exception is org.springframework.beans.factory.NoSuchBeanDefinitionException: No qualifying bean of type 'javafx.event.ActionEvent' available: expected at least 1 bean which qualifies as autowire candidate. Dependency annotations: {}
2020-02-01 15:19:50.461  INFO 15988 --- [main] j.LocalContainerEntityManagerFactoryBean : Closing JPA EntityManagerFactory for persistence unit 'default'
2020-02-01 15:19:50.465  INFO 15988 --- [main] com.zaxxer.hikari.HikariDataSource       : HikariPool-1 - Shutdown initiated...
2020-02-01 15:19:50.505  INFO 15988 --- [main] com.zaxxer.hikari.HikariDataSource       : HikariPool-1 - Shutdown completed.
2020-02-01 15:19:50.585  INFO 15988 --- [main] ConditionEvaluationReportLoggingListener : 

Error starting ApplicationContext. To display the conditions report re-run your application with 'debug' enabled.
2020-02-01 15:19:51.207 ERROR 15988 --- [main] o.s.b.d.LoggingFailureAnalysisReporter   : 

***************************
APPLICATION FAILED TO START
***************************

Description:

Parameter 0 of method saveOwnerinMySQL in ro.remro.sample.Controller required a bean of type 'javafx.event.ActionEvent' that could not be found.


Action:

Consider defining a bean of type 'javafx.event.ActionEvent' in your configuration.

2020-02-01 21:21:07.537  INFO 29352 --- [JavaFX-Launcher] o.s.boot.SpringApplication               : Starting application on DESKTOP-6V2BCMF with PID 29352 (started by roby-l in E:\Projects\udacity_java\other_studs\RemRoSpring-master)
2020-02-01 21:21:07.543  INFO 29352 --- [JavaFX-Launcher] o.s.boot.SpringApplication               : No active profile set, falling back to default profiles: default
2020-02-01 21:21:08.294  INFO 29352 --- [JavaFX-Launcher] .s.d.r.c.RepositoryConfigurationDelegate : Bootstrapping Spring Data repositories in DEFAULT mode.
2020-02-01 21:21:08.446  INFO 29352 --- [JavaFX-Launcher] .s.d.r.c.RepositoryConfigurationDelegate : Finished Spring Data repository scanning in 137ms. Found 4 repository interfaces.
2020-02-01 21:21:09.233  INFO 29352 --- [JavaFX-Launcher] o.hibernate.jpa.internal.util.LogHelper  : HHH000204: Processing PersistenceUnitInfo [name: default]
2020-02-01 21:21:09.390  INFO 29352 --- [JavaFX-Launcher] org.hibernate.Version                    : HHH000412: Hibernate Core {5.4.8.Final}
2020-02-01 21:21:09.671  INFO 29352 --- [JavaFX-Launcher] o.hibernate.annotations.common.Version   : HCANN000001: Hibernate Commons Annotations {5.1.0.Final}
2020-02-01 21:21:10.180  INFO 29352 --- [JavaFX-Launcher] com.zaxxer.hikari.HikariDataSource       : HikariPool-1 - Starting...
2020-02-01 21:21:11.223  INFO 29352 --- [JavaFX-Launcher] com.zaxxer.hikari.HikariDataSource       : HikariPool-1 - Start completed.
2020-02-01 21:21:11.255  INFO 29352 --- [JavaFX-Launcher] org.hibernate.dialect.Dialect            : HHH000400: Using dialect: org.hibernate.dialect.MySQL5InnoDBDialect
2020-02-01 21:21:12.951  INFO 29352 --- [JavaFX-Launcher] o.h.e.t.j.p.i.JtaPlatformInitiator       : HHH000490: Using JtaPlatform implementation: [org.hibernate.engine.transaction.jta.platform.internal.NoJtaPlatform]
2020-02-01 21:21:12.975  INFO 29352 --- [JavaFX-Launcher] j.LocalContainerEntityManagerFactoryBean : Initialized JPA EntityManagerFactory for persistence unit 'default'
2020-02-01 21:21:13.755  WARN 29352 --- [JavaFX-Launcher] s.c.a.AnnotationConfigApplicationContext : Exception encountered during context initialization - cancelling refresh attempt: org.springframework.beans.factory.UnsatisfiedDependencyException: Error creating bean with name 'controller': Unsatisfied dependency expressed through method 'saveOwnerinMySQL' parameter 0; nested exception is org.springframework.beans.factory.NoSuchBeanDefinitionException: No qualifying bean of type 'javafx.event.ActionEvent' available: expected at least 1 bean which qualifies as autowire candidate. Dependency annotations: {}
2020-02-01 21:21:13.757  INFO 29352 --- [JavaFX-Launcher] j.LocalContainerEntityManagerFactoryBean : Closing JPA EntityManagerFactory for persistence unit 'default'
2020-02-01 21:21:13.760  INFO 29352 --- [JavaFX-Launcher] com.zaxxer.hikari.HikariDataSource       : HikariPool-1 - Shutdown initiated...
2020-02-01 21:21:13.785  INFO 29352 --- [JavaFX-Launcher] com.zaxxer.hikari.HikariDataSource       : HikariPool-1 - Shutdown completed.
2020-02-01 21:21:13.797  INFO 29352 --- [JavaFX-Launcher] ConditionEvaluationReportLoggingListener : 

Error starting ApplicationContext. To display the conditions report re-run your application with 'debug' enabled.
2020-02-01 21:21:14.004 ERROR 29352 --- [JavaFX-Launcher] o.s.b.d.LoggingFailureAnalysisReporter   : 

***************************
APPLICATION FAILED TO START
***************************

Description:

Parameter 0 of method saveOwnerinMySQL in ro.remro.sample.Controller required a bean of type 'javafx.event.ActionEvent' that could not be found.


Action:

Consider defining a bean of type 'javafx.event.ActionEvent' in your configuration.

2020-02-01 21:22:43.046  INFO 19996 --- [JavaFX-Launcher] o.s.boot.SpringApplication               : Starting application on DESKTOP-6V2BCMF with PID 19996 (started by roby-l in E:\Projects\udacity_java\other_studs\RemRoSpring-master)
2020-02-01 21:22:43.054  INFO 19996 --- [JavaFX-Launcher] o.s.boot.SpringApplication               : No active profile set, falling back to default profiles: default
2020-02-01 21:22:43.920  INFO 19996 --- [JavaFX-Launcher] .s.d.r.c.RepositoryConfigurationDelegate : Bootstrapping Spring Data repositories in DEFAULT mode.
2020-02-01 21:22:44.091  INFO 19996 --- [JavaFX-Launcher] .s.d.r.c.RepositoryConfigurationDelegate : Finished Spring Data repository scanning in 157ms. Found 4 repository interfaces.
2020-02-01 21:22:44.857  INFO 19996 --- [JavaFX-Launcher] o.hibernate.jpa.internal.util.LogHelper  : HHH000204: Processing PersistenceUnitInfo [name: default]
2020-02-01 21:22:44.982  INFO 19996 --- [JavaFX-Launcher] org.hibernate.Version                    : HHH000412: Hibernate Core {5.4.8.Final}
2020-02-01 21:22:45.266  INFO 19996 --- [JavaFX-Launcher] o.hibernate.annotations.common.Version   : HCANN000001: Hibernate Commons Annotations {5.1.0.Final}
2020-02-01 21:22:45.820  INFO 19996 --- [JavaFX-Launcher] com.zaxxer.hikari.HikariDataSource       : HikariPool-1 - Starting...
2020-02-01 21:22:46.846  INFO 19996 --- [JavaFX-Launcher] com.zaxxer.hikari.HikariDataSource       : HikariPool-1 - Start completed.
2020-02-01 21:22:46.883  INFO 19996 --- [JavaFX-Launcher] org.hibernate.dialect.Dialect            : HHH000400: Using dialect: org.hibernate.dialect.MySQL5InnoDBDialect
2020-02-01 21:22:48.593  INFO 19996 --- [JavaFX-Launcher] o.h.e.t.j.p.i.JtaPlatformInitiator       : HHH000490: Using JtaPlatform implementation: [org.hibernate.engine.transaction.jta.platform.internal.NoJtaPlatform]
2020-02-01 21:22:48.616  INFO 19996 --- [JavaFX-Launcher] j.LocalContainerEntityManagerFactoryBean : Initialized JPA EntityManagerFactory for persistence unit 'default'
2020-02-01 21:22:49.538  WARN 19996 --- [JavaFX-Launcher] s.c.a.AnnotationConfigApplicationContext : Exception encountered during context initialization - cancelling refresh attempt: org.springframework.beans.factory.UnsatisfiedDependencyException: Error creating bean with name 'controller': Unsatisfied dependency expressed through method 'saveOwnerinMySQL' parameter 0; nested exception is org.springframework.beans.factory.NoSuchBeanDefinitionException: No qualifying bean of type 'javafx.event.ActionEvent' available: expected at least 1 bean which qualifies as autowire candidate. Dependency annotations: {}
2020-02-01 21:22:49.541  INFO 19996 --- [JavaFX-Launcher] j.LocalContainerEntityManagerFactoryBean : Closing JPA EntityManagerFactory for persistence unit 'default'
2020-02-01 21:22:49.546  INFO 19996 --- [JavaFX-Launcher] com.zaxxer.hikari.HikariDataSource       : HikariPool-1 - Shutdown initiated...
2020-02-01 21:22:49.571  INFO 19996 --- [JavaFX-Launcher] com.zaxxer.hikari.HikariDataSource       : HikariPool-1 - Shutdown completed.
2020-02-01 21:22:49.585  INFO 19996 --- [JavaFX-Launcher] ConditionEvaluationReportLoggingListener : 

Error starting ApplicationContext. To display the conditions report re-run your application with 'debug' enabled.
2020-02-01 21:22:49.795 ERROR 19996 --- [JavaFX-Launcher] o.s.b.d.LoggingFailureAnalysisReporter   : 

***************************
APPLICATION FAILED TO START
***************************

Description:

Parameter 0 of method saveOwnerinMySQL in ro.remro.sample.Controller required a bean of type 'javafx.event.ActionEvent' that could not be found.


Action:

Consider defining a bean of type 'javafx.event.ActionEvent' in your configuration.

2020-02-01 21:23:30.378  INFO 14860 --- [JavaFX-Launcher] o.s.boot.SpringApplication               : Starting application on DESKTOP-6V2BCMF with PID 14860 (started by roby-l in E:\Projects\udacity_java\other_studs\RemRoSpring-master)
2020-02-01 21:23:30.389  INFO 14860 --- [JavaFX-Launcher] o.s.boot.SpringApplication               : No active profile set, falling back to default profiles: default
2020-02-01 21:23:31.335  INFO 14860 --- [JavaFX-Launcher] .s.d.r.c.RepositoryConfigurationDelegate : Bootstrapping Spring Data repositories in DEFAULT mode.
2020-02-01 21:23:31.448  INFO 14860 --- [JavaFX-Launcher] .s.d.r.c.RepositoryConfigurationDelegate : Finished Spring Data repository scanning in 101ms. Found 4 repository interfaces.
2020-02-01 21:23:32.304  INFO 14860 --- [JavaFX-Launcher] o.hibernate.jpa.internal.util.LogHelper  : HHH000204: Processing PersistenceUnitInfo [name: default]
2020-02-01 21:23:32.429  INFO 14860 --- [JavaFX-Launcher] org.hibernate.Version                    : HHH000412: Hibernate Core {5.4.8.Final}
2020-02-01 21:23:32.673  INFO 14860 --- [JavaFX-Launcher] o.hibernate.annotations.common.Version   : HCANN000001: Hibernate Commons Annotations {5.1.0.Final}
2020-02-01 21:23:33.260  INFO 14860 --- [JavaFX-Launcher] com.zaxxer.hikari.HikariDataSource       : HikariPool-1 - Starting...
2020-02-01 21:23:34.048  INFO 14860 --- [JavaFX-Launcher] com.zaxxer.hikari.HikariDataSource       : HikariPool-1 - Start completed.
2020-02-01 21:23:34.084  INFO 14860 --- [JavaFX-Launcher] org.hibernate.dialect.Dialect            : HHH000400: Using dialect: org.hibernate.dialect.MySQL5InnoDBDialect
2020-02-01 21:23:35.705  INFO 14860 --- [JavaFX-Launcher] o.h.e.t.j.p.i.JtaPlatformInitiator       : HHH000490: Using JtaPlatform implementation: [org.hibernate.engine.transaction.jta.platform.internal.NoJtaPlatform]
2020-02-01 21:23:35.737  INFO 14860 --- [JavaFX-Launcher] j.LocalContainerEntityManagerFactoryBean : Initialized JPA EntityManagerFactory for persistence unit 'default'
2020-02-01 21:23:36.523  INFO 14860 --- [JavaFX-Launcher] o.s.boot.SpringApplication               : Started application in 6.931 seconds (JVM running for 8.1)
2020-02-01 21:23:36.591  INFO 14860 --- [JavaFX Application Thread] j.LocalContainerEntityManagerFactoryBean : Closing JPA EntityManagerFactory for persistence unit 'default'
2020-02-01 21:23:36.595  INFO 14860 --- [JavaFX Application Thread] com.zaxxer.hikari.HikariDataSource       : HikariPool-1 - Shutdown initiated...
2020-02-01 21:23:36.612  INFO 14860 --- [JavaFX Application Thread] com.zaxxer.hikari.HikariDataSource       : HikariPool-1 - Shutdown completed.
2020-02-01 21:24:15.147  INFO 6924 --- [JavaFX-Launcher] o.s.boot.SpringApplication               : Starting application on DESKTOP-6V2BCMF with PID 6924 (started by roby-l in E:\Projects\udacity_java\other_studs\RemRoSpring-master)
2020-02-01 21:24:15.155  INFO 6924 --- [JavaFX-Launcher] o.s.boot.SpringApplication               : No active profile set, falling back to default profiles: default
2020-02-01 21:24:16.044  INFO 6924 --- [JavaFX-Launcher] .s.d.r.c.RepositoryConfigurationDelegate : Bootstrapping Spring Data repositories in DEFAULT mode.
2020-02-01 21:24:16.208  INFO 6924 --- [JavaFX-Launcher] .s.d.r.c.RepositoryConfigurationDelegate : Finished Spring Data repository scanning in 150ms. Found 4 repository interfaces.
2020-02-01 21:24:16.987  INFO 6924 --- [JavaFX-Launcher] o.hibernate.jpa.internal.util.LogHelper  : HHH000204: Processing PersistenceUnitInfo [name: default]
2020-02-01 21:24:17.123  INFO 6924 --- [JavaFX-Launcher] org.hibernate.Version                    : HHH000412: Hibernate Core {5.4.8.Final}
2020-02-01 21:24:17.400  INFO 6924 --- [JavaFX-Launcher] o.hibernate.annotations.common.Version   : HCANN000001: Hibernate Commons Annotations {5.1.0.Final}
2020-02-01 21:24:17.892  INFO 6924 --- [JavaFX-Launcher] com.zaxxer.hikari.HikariDataSource       : HikariPool-1 - Starting...
2020-02-01 21:24:19.124  INFO 6924 --- [JavaFX-Launcher] com.zaxxer.hikari.HikariDataSource       : HikariPool-1 - Start completed.
2020-02-01 21:24:19.177  INFO 6924 --- [JavaFX-Launcher] org.hibernate.dialect.Dialect            : HHH000400: Using dialect: org.hibernate.dialect.MySQL5InnoDBDialect
2020-02-01 21:24:21.014  INFO 6924 --- [JavaFX-Launcher] o.h.e.t.j.p.i.JtaPlatformInitiator       : HHH000490: Using JtaPlatform implementation: [org.hibernate.engine.transaction.jta.platform.internal.NoJtaPlatform]
2020-02-01 21:24:21.039  INFO 6924 --- [JavaFX-Launcher] j.LocalContainerEntityManagerFactoryBean : Initialized JPA EntityManagerFactory for persistence unit 'default'
2020-02-01 21:24:22.172  INFO 6924 --- [JavaFX-Launcher] o.s.boot.SpringApplication               : Started application in 8.299 seconds (JVM running for 9.822)
2020-02-01 21:27:01.477  WARN 6924 --- [HikariPool-1 housekeeper] com.zaxxer.hikari.pool.HikariPool        : HikariPool-1 - Thread starvation or clock leap detected (housekeeper delta=2m38s561ms619µs).
2020-02-01 21:29:14.641  WARN 6924 --- [HikariPool-1 housekeeper] com.zaxxer.hikari.pool.HikariPool        : HikariPool-1 - Thread starvation or clock leap detected (housekeeper delta=2m16s854ms89µs700ns).
2020-02-01 21:29:14.679  INFO 6924 --- [JavaFX Application Thread] j.LocalContainerEntityManagerFactoryBean : Closing JPA EntityManagerFactory for persistence unit 'default'
2020-02-01 21:29:14.684  INFO 6924 --- [JavaFX Application Thread] com.zaxxer.hikari.HikariDataSource       : HikariPool-1 - Shutdown initiated...
2020-02-01 21:29:14.702  INFO 6924 --- [JavaFX Application Thread] com.zaxxer.hikari.HikariDataSource       : HikariPool-1 - Shutdown completed.
2020-02-01 21:29:21.801  INFO 15224 --- [JavaFX-Launcher] o.s.boot.SpringApplication               : Starting application on DESKTOP-6V2BCMF with PID 15224 (started by roby-l in E:\Projects\udacity_java\other_studs\RemRoSpring-master)
2020-02-01 21:29:21.807  INFO 15224 --- [JavaFX-Launcher] o.s.boot.SpringApplication               : No active profile set, falling back to default profiles: default
2020-02-01 21:29:22.739  INFO 15224 --- [JavaFX-Launcher] .s.d.r.c.RepositoryConfigurationDelegate : Bootstrapping Spring Data repositories in DEFAULT mode.
2020-02-01 21:29:22.833  INFO 15224 --- [JavaFX-Launcher] .s.d.r.c.RepositoryConfigurationDelegate : Finished Spring Data repository scanning in 81ms. Found 4 repository interfaces.
2020-02-01 21:29:23.742  INFO 15224 --- [JavaFX-Launcher] o.hibernate.jpa.internal.util.LogHelper  : HHH000204: Processing PersistenceUnitInfo [name: default]
2020-02-01 21:29:23.887  INFO 15224 --- [JavaFX-Launcher] org.hibernate.Version                    : HHH000412: Hibernate Core {5.4.8.Final}
2020-02-01 21:29:24.179  INFO 15224 --- [JavaFX-Launcher] o.hibernate.annotations.common.Version   : HCANN000001: Hibernate Commons Annotations {5.1.0.Final}
2020-02-01 21:29:24.761  INFO 15224 --- [JavaFX-Launcher] com.zaxxer.hikari.HikariDataSource       : HikariPool-1 - Starting...
2020-02-01 21:29:25.534  INFO 15224 --- [JavaFX-Launcher] com.zaxxer.hikari.HikariDataSource       : HikariPool-1 - Start completed.
2020-02-01 21:29:25.560  INFO 15224 --- [JavaFX-Launcher] org.hibernate.dialect.Dialect            : HHH000400: Using dialect: org.hibernate.dialect.MySQL5InnoDBDialect
2020-02-01 21:29:27.217  INFO 15224 --- [JavaFX-Launcher] o.h.e.t.j.p.i.JtaPlatformInitiator       : HHH000490: Using JtaPlatform implementation: [org.hibernate.engine.transaction.jta.platform.internal.NoJtaPlatform]
2020-02-01 21:29:27.239  INFO 15224 --- [JavaFX-Launcher] j.LocalContainerEntityManagerFactoryBean : Initialized JPA EntityManagerFactory for persistence unit 'default'
2020-02-01 21:29:28.124  INFO 15224 --- [JavaFX-Launcher] o.s.boot.SpringApplication               : Started application in 7.098 seconds (JVM running for 8.266)
2020-02-01 21:29:28.195  INFO 15224 --- [JavaFX Application Thread] j.LocalContainerEntityManagerFactoryBean : Closing JPA EntityManagerFactory for persistence unit 'default'
2020-02-01 21:29:28.199  INFO 15224 --- [JavaFX Application Thread] com.zaxxer.hikari.HikariDataSource       : HikariPool-1 - Shutdown initiated...
2020-02-01 21:29:28.221  INFO 15224 --- [JavaFX Application Thread] com.zaxxer.hikari.HikariDataSource       : HikariPool-1 - Shutdown completed.
2020-02-01 21:30:00.494  INFO 28868 --- [JavaFX-Launcher] o.s.boot.SpringApplication               : Starting application on DESKTOP-6V2BCMF with PID 28868 (started by roby-l in E:\Projects\udacity_java\other_studs\RemRoSpring-master)
2020-02-01 21:30:00.499  INFO 28868 --- [JavaFX-Launcher] o.s.boot.SpringApplication               : No active profile set, falling back to default profiles: default
2020-02-01 21:30:01.529  INFO 28868 --- [JavaFX-Launcher] .s.d.r.c.RepositoryConfigurationDelegate : Bootstrapping Spring Data repositories in DEFAULT mode.
2020-02-01 21:30:01.632  INFO 28868 --- [JavaFX-Launcher] .s.d.r.c.RepositoryConfigurationDelegate : Finished Spring Data repository scanning in 91ms. Found 4 repository interfaces.
2020-02-01 21:30:02.571  INFO 28868 --- [JavaFX-Launcher] o.hibernate.jpa.internal.util.LogHelper  : HHH000204: Processing PersistenceUnitInfo [name: default]
2020-02-01 21:30:02.757  INFO 28868 --- [JavaFX-Launcher] org.hibernate.Version                    : HHH000412: Hibernate Core {5.4.8.Final}
2020-02-01 21:30:03.077  INFO 28868 --- [JavaFX-Launcher] o.hibernate.annotations.common.Version   : HCANN000001: Hibernate Commons Annotations {5.1.0.Final}
2020-02-01 21:30:04.104  INFO 28868 --- [JavaFX-Launcher] com.zaxxer.hikari.HikariDataSource       : HikariPool-1 - Starting...
2020-02-01 21:30:05.263  INFO 28868 --- [JavaFX-Launcher] com.zaxxer.hikari.HikariDataSource       : HikariPool-1 - Start completed.
2020-02-01 21:30:05.336  INFO 28868 --- [JavaFX-Launcher] org.hibernate.dialect.Dialect            : HHH000400: Using dialect: org.hibernate.dialect.MySQL5InnoDBDialect
2020-02-01 21:30:07.413  INFO 28868 --- [JavaFX-Launcher] o.h.e.t.j.p.i.JtaPlatformInitiator       : HHH000490: Using JtaPlatform implementation: [org.hibernate.engine.transaction.jta.platform.internal.NoJtaPlatform]
2020-02-01 21:30:07.430  INFO 28868 --- [JavaFX-Launcher] j.LocalContainerEntityManagerFactoryBean : Initialized JPA EntityManagerFactory for persistence unit 'default'
2020-02-01 21:30:08.570  INFO 28868 --- [JavaFX-Launcher] o.s.boot.SpringApplication               : Started application in 8.967 seconds (JVM running for 10.203)
2020-02-01 21:30:08.639  INFO 28868 --- [JavaFX Application Thread] j.LocalContainerEntityManagerFactoryBean : Closing JPA EntityManagerFactory for persistence unit 'default'
2020-02-01 21:30:08.644  INFO 28868 --- [JavaFX Application Thread] com.zaxxer.hikari.HikariDataSource       : HikariPool-1 - Shutdown initiated...
2020-02-01 21:30:08.666  INFO 28868 --- [JavaFX Application Thread] com.zaxxer.hikari.HikariDataSource       : HikariPool-1 - Shutdown completed.
2020-02-01 21:34:49.541  INFO 18544 --- [JavaFX-Launcher] o.s.boot.SpringApplication               : Starting application on DESKTOP-6V2BCMF with PID 18544 (started by roby-l in E:\Projects\udacity_java\other_studs\RemRoSpring-master)
2020-02-01 21:34:49.580  INFO 18544 --- [JavaFX-Launcher] o.s.boot.SpringApplication               : No active profile set, falling back to default profiles: default
2020-02-01 21:34:50.406  INFO 18544 --- [JavaFX-Launcher] .s.d.r.c.RepositoryConfigurationDelegate : Bootstrapping Spring Data repositories in DEFAULT mode.
2020-02-01 21:34:50.572  INFO 18544 --- [JavaFX-Launcher] .s.d.r.c.RepositoryConfigurationDelegate : Finished Spring Data repository scanning in 152ms. Found 4 repository interfaces.
2020-02-01 21:34:51.320  INFO 18544 --- [JavaFX-Launcher] o.hibernate.jpa.internal.util.LogHelper  : HHH000204: Processing PersistenceUnitInfo [name: default]
2020-02-01 21:34:51.454  INFO 18544 --- [JavaFX-Launcher] org.hibernate.Version                    : HHH000412: Hibernate Core {5.4.8.Final}
2020-02-01 21:34:51.743  INFO 18544 --- [JavaFX-Launcher] o.hibernate.annotations.common.Version   : HCANN000001: Hibernate Commons Annotations {5.1.0.Final}
2020-02-01 21:34:52.330  INFO 18544 --- [JavaFX-Launcher] com.zaxxer.hikari.HikariDataSource       : HikariPool-1 - Starting...
2020-02-01 21:34:53.309  INFO 18544 --- [JavaFX-Launcher] com.zaxxer.hikari.HikariDataSource       : HikariPool-1 - Start completed.
2020-02-01 21:34:53.339  INFO 18544 --- [JavaFX-Launcher] org.hibernate.dialect.Dialect            : HHH000400: Using dialect: org.hibernate.dialect.MySQL5InnoDBDialect
2020-02-01 21:34:55.025  INFO 18544 --- [JavaFX-Launcher] o.h.e.t.j.p.i.JtaPlatformInitiator       : HHH000490: Using JtaPlatform implementation: [org.hibernate.engine.transaction.jta.platform.internal.NoJtaPlatform]
2020-02-01 21:34:55.040  INFO 18544 --- [JavaFX-Launcher] j.LocalContainerEntityManagerFactoryBean : Initialized JPA EntityManagerFactory for persistence unit 'default'
2020-02-01 21:34:56.028  INFO 18544 --- [JavaFX-Launcher] o.s.boot.SpringApplication               : Started application in 7.597 seconds (JVM running for 9.434)
2020-02-01 21:37:30.262  INFO 18544 --- [JavaFX Application Thread] j.LocalContainerEntityManagerFactoryBean : Closing JPA EntityManagerFactory for persistence unit 'default'
2020-02-01 21:37:30.271  INFO 18544 --- [JavaFX Application Thread] com.zaxxer.hikari.HikariDataSource       : HikariPool-1 - Shutdown initiated...
2020-02-01 21:37:30.308  INFO 18544 --- [JavaFX Application Thread] com.zaxxer.hikari.HikariDataSource       : HikariPool-1 - Shutdown completed.
2020-02-01 21:49:39.725  INFO 30232 --- [JavaFX-Launcher] o.s.boot.SpringApplication               : Starting application on DESKTOP-6V2BCMF with PID 30232 (started by roby-l in E:\Projects\udacity_java\other_studs\RemRoSpring-master)
2020-02-01 21:49:39.731  INFO 30232 --- [JavaFX-Launcher] o.s.boot.SpringApplication               : No active profile set, falling back to default profiles: default
2020-02-01 21:49:40.837  INFO 30232 --- [JavaFX-Launcher] .s.d.r.c.RepositoryConfigurationDelegate : Bootstrapping Spring Data repositories in DEFAULT mode.
2020-02-01 21:49:40.952  INFO 30232 --- [JavaFX-Launcher] .s.d.r.c.RepositoryConfigurationDelegate : Finished Spring Data repository scanning in 100ms. Found 4 repository interfaces.
2020-02-01 21:49:41.735  INFO 30232 --- [JavaFX-Launcher] o.hibernate.jpa.internal.util.LogHelper  : HHH000204: Processing PersistenceUnitInfo [name: default]
2020-02-01 21:49:41.866  INFO 30232 --- [JavaFX-Launcher] org.hibernate.Version                    : HHH000412: Hibernate Core {5.4.8.Final}
2020-02-01 21:49:42.088  INFO 30232 --- [JavaFX-Launcher] o.hibernate.annotations.common.Version   : HCANN000001: Hibernate Commons Annotations {5.1.0.Final}
2020-02-01 21:49:42.579  INFO 30232 --- [JavaFX-Launcher] com.zaxxer.hikari.HikariDataSource       : HikariPool-1 - Starting...
2020-02-01 21:49:43.381  INFO 30232 --- [JavaFX-Launcher] com.zaxxer.hikari.HikariDataSource       : HikariPool-1 - Start completed.
2020-02-01 21:49:43.417  INFO 30232 --- [JavaFX-Launcher] org.hibernate.dialect.Dialect            : HHH000400: Using dialect: org.hibernate.dialect.MySQL5InnoDBDialect
2020-02-01 21:49:45.129  INFO 30232 --- [JavaFX-Launcher] o.h.e.t.j.p.i.JtaPlatformInitiator       : HHH000490: Using JtaPlatform implementation: [org.hibernate.engine.transaction.jta.platform.internal.NoJtaPlatform]
2020-02-01 21:49:45.154  INFO 30232 --- [JavaFX-Launcher] j.LocalContainerEntityManagerFactoryBean : Initialized JPA EntityManagerFactory for persistence unit 'default'
2020-02-01 21:49:45.989  INFO 30232 --- [JavaFX-Launcher] o.s.boot.SpringApplication               : Started application in 7.114 seconds (JVM running for 8.195)
2020-02-01 21:49:46.051  INFO 30232 --- [JavaFX Application Thread] j.LocalContainerEntityManagerFactoryBean : Closing JPA EntityManagerFactory for persistence unit 'default'
2020-02-01 21:49:46.055  INFO 30232 --- [JavaFX Application Thread] com.zaxxer.hikari.HikariDataSource       : HikariPool-1 - Shutdown initiated...
2020-02-01 21:49:46.075  INFO 30232 --- [JavaFX Application Thread] com.zaxxer.hikari.HikariDataSource       : HikariPool-1 - Shutdown completed.
2020-02-01 21:50:23.094  INFO 5208 --- [JavaFX-Launcher] o.s.boot.SpringApplication               : Starting application on DESKTOP-6V2BCMF with PID 5208 (started by roby-l in E:\Projects\udacity_java\other_studs\RemRoSpring-master)
2020-02-01 21:50:23.100  INFO 5208 --- [JavaFX-Launcher] o.s.boot.SpringApplication               : No active profile set, falling back to default profiles: default
2020-02-01 21:50:24.037  INFO 5208 --- [JavaFX-Launcher] .s.d.r.c.RepositoryConfigurationDelegate : Bootstrapping Spring Data repositories in DEFAULT mode.
2020-02-01 21:50:24.129  INFO 5208 --- [JavaFX-Launcher] .s.d.r.c.RepositoryConfigurationDelegate : Finished Spring Data repository scanning in 80ms. Found 4 repository interfaces.
2020-02-01 21:50:24.826  INFO 5208 --- [JavaFX-Launcher] o.hibernate.jpa.internal.util.LogHelper  : HHH000204: Processing PersistenceUnitInfo [name: default]
2020-02-01 21:50:24.935  INFO 5208 --- [JavaFX-Launcher] org.hibernate.Version                    : HHH000412: Hibernate Core {5.4.8.Final}
2020-02-01 21:50:25.178  INFO 5208 --- [JavaFX-Launcher] o.hibernate.annotations.common.Version   : HCANN000001: Hibernate Commons Annotations {5.1.0.Final}
2020-02-01 21:50:25.642  INFO 5208 --- [JavaFX-Launcher] com.zaxxer.hikari.HikariDataSource       : HikariPool-1 - Starting...
2020-02-01 21:50:26.529  INFO 5208 --- [JavaFX-Launcher] com.zaxxer.hikari.HikariDataSource       : HikariPool-1 - Start completed.
2020-02-01 21:50:26.562  INFO 5208 --- [JavaFX-Launcher] org.hibernate.dialect.Dialect            : HHH000400: Using dialect: org.hibernate.dialect.MySQL5InnoDBDialect
2020-02-01 21:50:28.440  INFO 5208 --- [JavaFX-Launcher] o.h.e.t.j.p.i.JtaPlatformInitiator       : HHH000490: Using JtaPlatform implementation: [org.hibernate.engine.transaction.jta.platform.internal.NoJtaPlatform]
2020-02-01 21:50:28.465  INFO 5208 --- [JavaFX-Launcher] j.LocalContainerEntityManagerFactoryBean : Initialized JPA EntityManagerFactory for persistence unit 'default'
2020-02-01 21:50:29.318  INFO 5208 --- [JavaFX-Launcher] o.s.boot.SpringApplication               : Started application in 6.966 seconds (JVM running for 8.09)
2020-02-01 21:50:29.979  INFO 5208 --- [JavaFX Application Thread] j.LocalContainerEntityManagerFactoryBean : Closing JPA EntityManagerFactory for persistence unit 'default'
2020-02-01 21:50:29.983  INFO 5208 --- [JavaFX Application Thread] com.zaxxer.hikari.HikariDataSource       : HikariPool-1 - Shutdown initiated...
2020-02-01 21:50:30.002  INFO 5208 --- [JavaFX Application Thread] com.zaxxer.hikari.HikariDataSource       : HikariPool-1 - Shutdown completed.
2020-02-01 21:51:11.274  INFO 18316 --- [JavaFX-Launcher] o.s.boot.SpringApplication               : Starting application on DESKTOP-6V2BCMF with PID 18316 (started by roby-l in E:\Projects\udacity_java\other_studs\RemRoSpring-master)
2020-02-01 21:51:11.281  INFO 18316 --- [JavaFX-Launcher] o.s.boot.SpringApplication               : No active profile set, falling back to default profiles: default
2020-02-01 21:51:12.147  INFO 18316 --- [JavaFX-Launcher] .s.d.r.c.RepositoryConfigurationDelegate : Bootstrapping Spring Data repositories in DEFAULT mode.
2020-02-01 21:51:12.235  INFO 18316 --- [JavaFX-Launcher] .s.d.r.c.RepositoryConfigurationDelegate : Finished Spring Data repository scanning in 78ms. Found 4 repository interfaces.
2020-02-01 21:51:13.001  INFO 18316 --- [JavaFX-Launcher] o.hibernate.jpa.internal.util.LogHelper  : HHH000204: Processing PersistenceUnitInfo [name: default]
2020-02-01 21:51:13.120  INFO 18316 --- [JavaFX-Launcher] org.hibernate.Version                    : HHH000412: Hibernate Core {5.4.8.Final}
2020-02-01 21:51:13.314  INFO 18316 --- [JavaFX-Launcher] o.hibernate.annotations.common.Version   : HCANN000001: Hibernate Commons Annotations {5.1.0.Final}
2020-02-01 21:51:13.888  INFO 18316 --- [JavaFX-Launcher] com.zaxxer.hikari.HikariDataSource       : HikariPool-1 - Starting...
2020-02-01 21:51:14.710  INFO 18316 --- [JavaFX-Launcher] com.zaxxer.hikari.HikariDataSource       : HikariPool-1 - Start completed.
2020-02-01 21:51:14.744  INFO 18316 --- [JavaFX-Launcher] org.hibernate.dialect.Dialect            : HHH000400: Using dialect: org.hibernate.dialect.MySQL5InnoDBDialect
2020-02-01 21:51:16.251  INFO 18316 --- [JavaFX-Launcher] o.h.e.t.j.p.i.JtaPlatformInitiator       : HHH000490: Using JtaPlatform implementation: [org.hibernate.engine.transaction.jta.platform.internal.NoJtaPlatform]
2020-02-01 21:51:16.278  INFO 18316 --- [JavaFX-Launcher] j.LocalContainerEntityManagerFactoryBean : Initialized JPA EntityManagerFactory for persistence unit 'default'
2020-02-01 21:51:17.089  INFO 18316 --- [JavaFX-Launcher] o.s.boot.SpringApplication               : Started application in 6.619 seconds (JVM running for 7.743)
2020-02-01 21:54:35.286  INFO 18316 --- [JavaFX Application Thread] j.LocalContainerEntityManagerFactoryBean : Closing JPA EntityManagerFactory for persistence unit 'default'
2020-02-01 21:54:35.289  INFO 18316 --- [JavaFX Application Thread] com.zaxxer.hikari.HikariDataSource       : HikariPool-1 - Shutdown initiated...
2020-02-01 21:54:35.313  INFO 18316 --- [JavaFX Application Thread] com.zaxxer.hikari.HikariDataSource       : HikariPool-1 - Shutdown completed.
2020-02-01 21:56:31.726  INFO 13488 --- [JavaFX-Launcher] o.s.boot.SpringApplication               : Starting application on DESKTOP-6V2BCMF with PID 13488 (started by roby-l in E:\Projects\udacity_java\other_studs\RemRoSpring-master)
2020-02-01 21:56:31.732  INFO 13488 --- [JavaFX-Launcher] o.s.boot.SpringApplication               : No active profile set, falling back to default profiles: default
2020-02-01 21:56:32.690  INFO 13488 --- [JavaFX-Launcher] .s.d.r.c.RepositoryConfigurationDelegate : Bootstrapping Spring Data repositories in DEFAULT mode.
2020-02-01 21:56:32.813  INFO 13488 --- [JavaFX-Launcher] .s.d.r.c.RepositoryConfigurationDelegate : Finished Spring Data repository scanning in 111ms. Found 4 repository interfaces.
2020-02-01 21:56:33.514  INFO 13488 --- [JavaFX-Launcher] o.hibernate.jpa.internal.util.LogHelper  : HHH000204: Processing PersistenceUnitInfo [name: default]
2020-02-01 21:56:33.654  INFO 13488 --- [JavaFX-Launcher] org.hibernate.Version                    : HHH000412: Hibernate Core {5.4.8.Final}
2020-02-01 21:56:33.906  INFO 13488 --- [JavaFX-Launcher] o.hibernate.annotations.common.Version   : HCANN000001: Hibernate Commons Annotations {5.1.0.Final}
2020-02-01 21:56:34.473  INFO 13488 --- [JavaFX-Launcher] com.zaxxer.hikari.HikariDataSource       : HikariPool-1 - Starting...
2020-02-01 21:56:35.369  INFO 13488 --- [JavaFX-Launcher] com.zaxxer.hikari.HikariDataSource       : HikariPool-1 - Start completed.
2020-02-01 21:56:35.407  INFO 13488 --- [JavaFX-Launcher] org.hibernate.dialect.Dialect            : HHH000400: Using dialect: org.hibernate.dialect.MySQL5InnoDBDialect
2020-02-01 21:56:37.217  INFO 13488 --- [JavaFX-Launcher] o.h.e.t.j.p.i.JtaPlatformInitiator       : HHH000490: Using JtaPlatform implementation: [org.hibernate.engine.transaction.jta.platform.internal.NoJtaPlatform]
2020-02-01 21:56:37.243  INFO 13488 --- [JavaFX-Launcher] j.LocalContainerEntityManagerFactoryBean : Initialized JPA EntityManagerFactory for persistence unit 'default'
2020-02-01 21:56:38.184  INFO 13488 --- [JavaFX-Launcher] o.s.boot.SpringApplication               : Started application in 7.289 seconds (JVM running for 8.481)
2020-02-01 21:57:17.571  INFO 13488 --- [JavaFX Application Thread] j.LocalContainerEntityManagerFactoryBean : Closing JPA EntityManagerFactory for persistence unit 'default'
2020-02-01 21:57:17.576  INFO 13488 --- [JavaFX Application Thread] com.zaxxer.hikari.HikariDataSource       : HikariPool-1 - Shutdown initiated...
2020-02-01 21:57:17.616  INFO 13488 --- [JavaFX Application Thread] com.zaxxer.hikari.HikariDataSource       : HikariPool-1 - Shutdown completed.
2020-02-01 21:59:39.805  INFO 13440 --- [JavaFX-Launcher] o.s.boot.SpringApplication               : Starting application on DESKTOP-6V2BCMF with PID 13440 (started by roby-l in E:\Projects\udacity_java\other_studs\RemRoSpring-master)
2020-02-01 21:59:39.815  INFO 13440 --- [JavaFX-Launcher] o.s.boot.SpringApplication               : No active profile set, falling back to default profiles: default
2020-02-01 21:59:40.990  INFO 13440 --- [JavaFX-Launcher] .s.d.r.c.RepositoryConfigurationDelegate : Bootstrapping Spring Data repositories in DEFAULT mode.
2020-02-01 21:59:41.099  INFO 13440 --- [JavaFX-Launcher] .s.d.r.c.RepositoryConfigurationDelegate : Finished Spring Data repository scanning in 98ms. Found 4 repository interfaces.
2020-02-01 21:59:41.884  INFO 13440 --- [JavaFX-Launcher] o.hibernate.jpa.internal.util.LogHelper  : HHH000204: Processing PersistenceUnitInfo [name: default]
2020-02-01 21:59:42.000  INFO 13440 --- [JavaFX-Launcher] org.hibernate.Version                    : HHH000412: Hibernate Core {5.4.8.Final}
2020-02-01 21:59:42.254  INFO 13440 --- [JavaFX-Launcher] o.hibernate.annotations.common.Version   : HCANN000001: Hibernate Commons Annotations {5.1.0.Final}
2020-02-01 21:59:42.823  INFO 13440 --- [JavaFX-Launcher] com.zaxxer.hikari.HikariDataSource       : HikariPool-1 - Starting...
2020-02-01 21:59:43.652  INFO 13440 --- [JavaFX-Launcher] com.zaxxer.hikari.HikariDataSource       : HikariPool-1 - Start completed.
2020-02-01 21:59:43.690  INFO 13440 --- [JavaFX-Launcher] org.hibernate.dialect.Dialect            : HHH000400: Using dialect: org.hibernate.dialect.MySQL5InnoDBDialect
2020-02-01 21:59:45.671  INFO 13440 --- [JavaFX-Launcher] o.h.e.t.j.p.i.JtaPlatformInitiator       : HHH000490: Using JtaPlatform implementation: [org.hibernate.engine.transaction.jta.platform.internal.NoJtaPlatform]
2020-02-01 21:59:45.703  INFO 13440 --- [JavaFX-Launcher] j.LocalContainerEntityManagerFactoryBean : Initialized JPA EntityManagerFactory for persistence unit 'default'
2020-02-01 21:59:46.777  INFO 13440 --- [JavaFX-Launcher] o.s.boot.SpringApplication               : Started application in 8.272 seconds (JVM running for 9.85)
2020-02-01 22:00:48.962  INFO 1900 --- [JavaFX-Launcher] o.s.boot.SpringApplication               : Starting application on DESKTOP-6V2BCMF with PID 1900 (started by roby-l in E:\Projects\udacity_java\other_studs\RemRoSpring-master)
2020-02-01 22:00:48.967  INFO 1900 --- [JavaFX-Launcher] o.s.boot.SpringApplication               : No active profile set, falling back to default profiles: default
2020-02-01 22:00:50.088  INFO 1900 --- [JavaFX-Launcher] .s.d.r.c.RepositoryConfigurationDelegate : Bootstrapping Spring Data repositories in DEFAULT mode.
2020-02-01 22:00:50.237  INFO 1900 --- [JavaFX-Launcher] .s.d.r.c.RepositoryConfigurationDelegate : Finished Spring Data repository scanning in 131ms. Found 4 repository interfaces.
2020-02-01 22:00:51.047  INFO 1900 --- [JavaFX-Launcher] o.hibernate.jpa.internal.util.LogHelper  : HHH000204: Processing PersistenceUnitInfo [name: default]
2020-02-01 22:00:51.157  INFO 1900 --- [JavaFX-Launcher] org.hibernate.Version                    : HHH000412: Hibernate Core {5.4.8.Final}
2020-02-01 22:00:51.426  INFO 1900 --- [JavaFX-Launcher] o.hibernate.annotations.common.Version   : HCANN000001: Hibernate Commons Annotations {5.1.0.Final}
2020-02-01 22:00:52.001  INFO 1900 --- [JavaFX-Launcher] com.zaxxer.hikari.HikariDataSource       : HikariPool-1 - Starting...
2020-02-01 22:00:52.781  INFO 1900 --- [JavaFX-Launcher] com.zaxxer.hikari.HikariDataSource       : HikariPool-1 - Start completed.
2020-02-01 22:00:52.806  INFO 1900 --- [JavaFX-Launcher] org.hibernate.dialect.Dialect            : HHH000400: Using dialect: org.hibernate.dialect.MySQL5InnoDBDialect
2020-02-01 22:00:54.403  INFO 1900 --- [JavaFX-Launcher] o.h.e.t.j.p.i.JtaPlatformInitiator       : HHH000490: Using JtaPlatform implementation: [org.hibernate.engine.transaction.jta.platform.internal.NoJtaPlatform]
2020-02-01 22:00:54.416  INFO 1900 --- [JavaFX-Launcher] j.LocalContainerEntityManagerFactoryBean : Initialized JPA EntityManagerFactory for persistence unit 'default'
2020-02-01 22:00:55.410  INFO 1900 --- [JavaFX-Launcher] o.s.boot.SpringApplication               : Started application in 7.388 seconds (JVM running for 8.647)
2020-02-01 22:02:08.428  INFO 14496 --- [JavaFX-Launcher] o.s.boot.SpringApplication               : Starting application on DESKTOP-6V2BCMF with PID 14496 (started by roby-l in E:\Projects\udacity_java\other_studs\RemRoSpring-master)
2020-02-01 22:02:08.433  INFO 14496 --- [JavaFX-Launcher] o.s.boot.SpringApplication               : No active profile set, falling back to default profiles: default
2020-02-01 22:02:09.442  INFO 14496 --- [JavaFX-Launcher] .s.d.r.c.RepositoryConfigurationDelegate : Bootstrapping Spring Data repositories in DEFAULT mode.
2020-02-01 22:02:09.570  INFO 14496 --- [JavaFX-Launcher] .s.d.r.c.RepositoryConfigurationDelegate : Finished Spring Data repository scanning in 111ms. Found 4 repository interfaces.
2020-02-01 22:02:10.375  INFO 14496 --- [JavaFX-Launcher] o.hibernate.jpa.internal.util.LogHelper  : HHH000204: Processing PersistenceUnitInfo [name: default]
2020-02-01 22:02:10.510  INFO 14496 --- [JavaFX-Launcher] org.hibernate.Version                    : HHH000412: Hibernate Core {5.4.8.Final}
2020-02-01 22:02:10.768  INFO 14496 --- [JavaFX-Launcher] o.hibernate.annotations.common.Version   : HCANN000001: Hibernate Commons Annotations {5.1.0.Final}
2020-02-01 22:02:11.265  INFO 14496 --- [JavaFX-Launcher] com.zaxxer.hikari.HikariDataSource       : HikariPool-1 - Starting...
2020-02-01 22:02:12.163  INFO 14496 --- [JavaFX-Launcher] com.zaxxer.hikari.HikariDataSource       : HikariPool-1 - Start completed.
2020-02-01 22:02:12.197  INFO 14496 --- [JavaFX-Launcher] org.hibernate.dialect.Dialect            : HHH000400: Using dialect: org.hibernate.dialect.MySQL5InnoDBDialect
2020-02-01 22:02:14.076  INFO 14496 --- [JavaFX-Launcher] o.h.e.t.j.p.i.JtaPlatformInitiator       : HHH000490: Using JtaPlatform implementation: [org.hibernate.engine.transaction.jta.platform.internal.NoJtaPlatform]
2020-02-01 22:02:14.085  INFO 14496 --- [JavaFX-Launcher] j.LocalContainerEntityManagerFactoryBean : Initialized JPA EntityManagerFactory for persistence unit 'default'
2020-02-01 22:02:14.942  INFO 14496 --- [JavaFX-Launcher] o.s.boot.SpringApplication               : Started application in 7.402 seconds (JVM running for 8.771)
2020-02-01 22:07:31.084  INFO 14496 --- [JavaFX Application Thread] j.LocalContainerEntityManagerFactoryBean : Closing JPA EntityManagerFactory for persistence unit 'default'
2020-02-01 22:07:31.089  INFO 14496 --- [JavaFX Application Thread] com.zaxxer.hikari.HikariDataSource       : HikariPool-1 - Shutdown initiated...
2020-02-01 22:07:31.118  INFO 14496 --- [JavaFX Application Thread] com.zaxxer.hikari.HikariDataSource       : HikariPool-1 - Shutdown completed.
2020-02-01 22:07:51.291  INFO 24688 --- [JavaFX-Launcher] o.s.boot.SpringApplication               : Starting application on DESKTOP-6V2BCMF with PID 24688 (started by roby-l in E:\Projects\udacity_java\other_studs\RemRoSpring-master)
2020-02-01 22:07:51.296  INFO 24688 --- [JavaFX-Launcher] o.s.boot.SpringApplication               : No active profile set, falling back to default profiles: default
2020-02-01 22:07:52.302  INFO 24688 --- [JavaFX-Launcher] .s.d.r.c.RepositoryConfigurationDelegate : Bootstrapping Spring Data repositories in DEFAULT mode.
2020-02-01 22:07:52.395  INFO 24688 --- [JavaFX-Launcher] .s.d.r.c.RepositoryConfigurationDelegate : Finished Spring Data repository scanning in 81ms. Found 4 repository interfaces.
2020-02-01 22:07:53.136  INFO 24688 --- [JavaFX-Launcher] o.hibernate.jpa.internal.util.LogHelper  : HHH000204: Processing PersistenceUnitInfo [name: default]
2020-02-01 22:07:53.263  INFO 24688 --- [JavaFX-Launcher] org.hibernate.Version                    : HHH000412: Hibernate Core {5.4.8.Final}
2020-02-01 22:07:53.521  INFO 24688 --- [JavaFX-Launcher] o.hibernate.annotations.common.Version   : HCANN000001: Hibernate Commons Annotations {5.1.0.Final}
2020-02-01 22:07:54.097  INFO 24688 --- [JavaFX-Launcher] com.zaxxer.hikari.HikariDataSource       : HikariPool-1 - Starting...
2020-02-01 22:07:54.904  INFO 24688 --- [JavaFX-Launcher] com.zaxxer.hikari.HikariDataSource       : HikariPool-1 - Start completed.
2020-02-01 22:07:54.940  INFO 24688 --- [JavaFX-Launcher] org.hibernate.dialect.Dialect            : HHH000400: Using dialect: org.hibernate.dialect.MySQL5InnoDBDialect
2020-02-01 22:07:56.169  INFO 24688 --- [JavaFX-Launcher] o.h.e.t.j.p.i.JtaPlatformInitiator       : HHH000490: Using JtaPlatform implementation: [org.hibernate.engine.transaction.jta.platform.internal.NoJtaPlatform]
2020-02-01 22:07:56.201  INFO 24688 --- [JavaFX-Launcher] j.LocalContainerEntityManagerFactoryBean : Initialized JPA EntityManagerFactory for persistence unit 'default'
2020-02-01 22:07:57.110  INFO 24688 --- [JavaFX-Launcher] o.s.boot.SpringApplication               : Started application in 6.637 seconds (JVM running for 7.831)
2020-02-01 22:09:27.903  INFO 24688 --- [JavaFX Application Thread] j.LocalContainerEntityManagerFactoryBean : Closing JPA EntityManagerFactory for persistence unit 'default'
2020-02-01 22:09:27.906  INFO 24688 --- [JavaFX Application Thread] com.zaxxer.hikari.HikariDataSource       : HikariPool-1 - Shutdown initiated...
2020-02-01 22:09:27.933  INFO 24688 --- [JavaFX Application Thread] com.zaxxer.hikari.HikariDataSource       : HikariPool-1 - Shutdown completed.
